<?xml version="1.0" encoding="UTF-8"?>
<TestRun id="64d3e60f-ba54-4f5f-bcc7-fb1f304cdb16" name="Amichai@AMICHAI-PC 2011-10-03 00:30:35" runUser="Amichai-PC\Amichai" xmlns="http://microsoft.com/schemas/VisualStudio/TeamTest/2010">
  <TestSettings name="Local" id="bb597171-1561-43ed-9511-ba019d5c2667">
    <Description>These are default test settings for a local test run.</Description>
    <Deployment enabled="false" runDeploymentRoot="Amichai_AMICHAI-PC 2011-10-03 00_30_35">
      <DeploymentItem filename="C:\Users\Amichai\Documents\Visual Studio 2010\Projects\RandomWalker\packages\morelinq.1.0\lib\net35\MoreLinq.dll" />
      <DeploymentItem filename="C:\Users\Amichai\Documents\Visual Studio 2010\Projects\OpenPadProject\Common\bin\Debug\Common.dll" />
      <DeploymentItem filename="C:\Users\Amichai\Documents\Third Party Source\Iron Python\IronPython_Main\Util\IronPython\IronPython.dll" />
      <DeploymentItem filename="C:\Users\Amichai\Documents\Visual Studio 2010\Projects\OpenPadProject\MessageHandling\bin\Debug\MessageHandling.dll" />
      <DeploymentItem filename="C:\Users\Amichai\Documents\Visual Studio 2010\Projects\OpenPadProject\Compiler\bin\Debug\Compiler.dll" />
      <DeploymentItem filename="C:\Users\Amichai\Documents\Third Party Source\Iron Python\IronPython_Main\Util\IronPython\Microsoft.Scripting.dll" />
      <DeploymentItem filename="C:\Users\Amichai\Documents\Third Party Source\Iron Python\IronPython_Main\Util\IronPython\IronPython.Modules.dll" />
      <DeploymentItem filename="C:\Users\Amichai\Documents\Third Party Source\Iron Python\IronPython_Main\Util\IronRuby\bin\Microsoft.Scripting.Core.dll" />
      <DeploymentItem filename="C:\Users\Amichai\Documents\Visual Studio 2010\Projects\OpenPadProject\packages\MathNet.Numerics.2011.4.17.0\lib\Net40\MathNet.Numerics.dll" />
      <DeploymentItem filename="C:\Users\Amichai\Documents\Third Party Source\Iron Python\IronPython_Main\Util\IronPython\Microsoft.Scripting.Debugging.dll" />
      <DeploymentItem filename="C:\Users\Amichai\Documents\Visual Studio 2010\Projects\OpenPadProject\PadTest\bin\Debug\Antlr3.Runtime.dll" />
      <DeploymentItem filename="C:\Users\Amichai\Documents\Third Party Source\Iron Python\IronPython_Main\Util\IronPython\Microsoft.Dynamic.dll" />
      <DeploymentItem filename="C:\Users\Amichai\Documents\Visual Studio 2010\Projects\OpenPadProject\Value\bin\Debug\Value.dll" />
      <DeploymentItem filename="C:\Users\Amichai\Documents\Visual Studio 2010\Projects\OpenPadProject\PadTest\bin\Debug\Oyster.IntX.dll" />
      <DeploymentItem filename="C:\Users\Amichai\Documents\Visual Studio 2010\Projects\OpenPadProject\packages\zlib.net.1.0.3.0\lib\zlib.net.dll" />
      <DeploymentItem filename="C:\Users\Amichai\Documents\Visual Studio 2010\Projects\OpenPadProject\LoggingManager\bin\Debug\LoggingManager.dll" />
    </Deployment>
    <Execution>
      <TestTypeSpecific />
      <AgentRule name="Execution Agents">
      </AgentRule>
    </Execution>
  </TestSettings>
  <Times creation="2011-10-03T00:30:35.0397103-04:00" queuing="2011-10-03T00:30:37.3078400-04:00" start="2011-10-03T00:30:37.5188521-04:00" finish="2011-10-03T00:31:18.9162199-04:00" />
  <ResultSummary outcome="Error">
    <Counters total="11" executed="11" passed="10" error="0" failed="0" timeout="0" aborted="1" inconclusive="0" passedButRunAborted="0" notRunnable="0" notExecuted="0" disconnected="0" warning="0" completed="0" inProgress="0" pending="0" />
    <RunInfos>
      <RunInfo computerName="AMICHAI-PC" outcome="Error" timestamp="2011-10-03T00:31:18.9142198-04:00">
        <Text>Test host process exited unexpectedly.</Text>
      </RunInfo>
    </RunInfos>
  </ResultSummary>
  <TestDefinitions>
    <UnitTest name="op_SubtractionTest" storage="c:\users\amichai\documents\visual studio 2010\projects\openpadproject\padtest\bin\debug\padtest.dll" id="eccac256-4a35-dcb8-ca68-e5de022a71b7">
      <Execution id="3ed0ebee-d1c6-4525-8052-03b062f34a36" />
      <TestMethod codeBase="C:/Users/Amichai/Documents/Visual Studio 2010/Projects/OpenPadProject/PadTest/bin/Debug/PadTest.DLL" adapterTypeName="Microsoft.VisualStudio.TestTools.TestTypes.Unit.UnitTestAdapter, Microsoft.VisualStudio.QualityTools.Tips.UnitTest.Adapter, Version=10.0.0.0, Culture=neutral, PublicKeyToken=b03f5f7f11d50a3a" className="PadTest.DigitTest, PadTest, Version=1.0.0.0, Culture=neutral, PublicKeyToken=null" name="op_SubtractionTest" />
    </UnitTest>
    <UnitTest name="op_GreaterThanTest" storage="c:\users\amichai\documents\visual studio 2010\projects\openpadproject\padtest\bin\debug\padtest.dll" id="1e2732e3-0764-4a33-689b-c5f3fcba6f6f">
      <Execution id="00830b87-c1ed-4c6b-9bd5-70fbe1f4ee04" />
      <TestMethod codeBase="C:/Users/Amichai/Documents/Visual Studio 2010/Projects/OpenPadProject/PadTest/bin/Debug/PadTest.DLL" adapterTypeName="Microsoft.VisualStudio.TestTools.TestTypes.Unit.UnitTestAdapter, Microsoft.VisualStudio.QualityTools.Tips.UnitTest.Adapter, Version=10.0.0.0, Culture=neutral, PublicKeyToken=b03f5f7f11d50a3a" className="PadTest.DigitTest, PadTest, Version=1.0.0.0, Culture=neutral, PublicKeyToken=null" name="op_GreaterThanTest" />
    </UnitTest>
    <UnitTest name="ConvertToPostFixedTest" storage="c:\users\amichai\documents\visual studio 2010\projects\openpadproject\padtest\bin\debug\padtest.dll" id="393e2fa0-e364-4f5b-3807-c50f946dec14">
      <Execution id="b8c8b42d-41d7-4a18-b338-acc812059adf" />
      <TestMethod codeBase="C:/Users/Amichai/Documents/Visual Studio 2010/Projects/OpenPadProject/PadTest/bin/Debug/PadTest.DLL" adapterTypeName="Microsoft.VisualStudio.TestTools.TestTypes.Unit.UnitTestAdapter, Microsoft.VisualStudio.QualityTools.Tips.UnitTest.Adapter, Version=10.0.0.0, Culture=neutral, PublicKeyToken=b03f5f7f11d50a3a" className="PadTest.ShuntingYardTest, PadTest, Version=1.0.0.0, Culture=neutral, PublicKeyToken=null" name="ConvertToPostFixedTest" />
    </UnitTest>
    <UnitTest name="AddListOfTokensTest" storage="c:\users\amichai\documents\visual studio 2010\projects\openpadproject\padtest\bin\debug\padtest.dll" id="30e39a90-f3be-1660-60eb-861b64e1492d">
      <Execution id="4aa64b79-ac8d-43cc-ae35-7aaa9523de1b" />
      <TestMethod codeBase="C:/Users/Amichai/Documents/Visual Studio 2010/Projects/OpenPadProject/PadTest/bin/Debug/PadTest.DLL" adapterTypeName="Microsoft.VisualStudio.TestTools.TestTypes.Unit.UnitTestAdapter, Microsoft.VisualStudio.QualityTools.Tips.UnitTest.Adapter, Version=10.0.0.0, Culture=neutral, PublicKeyToken=b03f5f7f11d50a3a" className="PadTest.ParseTreeTest, PadTest, Version=1.0.0.0, Culture=neutral, PublicKeyToken=null" name="AddListOfTokensTest" />
    </UnitTest>
    <UnitTest name="ExpressionConstructorTest" storage="c:\users\amichai\documents\visual studio 2010\projects\openpadproject\padtest\bin\debug\padtest.dll" id="724b30c6-4d5d-08ba-f484-0761dfa59453">
      <Execution id="7d1ec142-078c-4dad-874c-fb2247d1fe89" />
      <TestMethod codeBase="C:/Users/Amichai/Documents/Visual Studio 2010/Projects/OpenPadProject/PadTest/bin/Debug/PadTest.DLL" adapterTypeName="Microsoft.VisualStudio.TestTools.TestTypes.Unit.UnitTestAdapter, Microsoft.VisualStudio.QualityTools.Tips.UnitTest.Adapter, Version=10.0.0.0, Culture=neutral, PublicKeyToken=b03f5f7f11d50a3a" className="PadTest.ExpressionTest, PadTest, Version=1.0.0.0, Culture=neutral, PublicKeyToken=null" name="ExpressionConstructorTest" />
    </UnitTest>
    <UnitTest name="SubtractTest" storage="c:\users\amichai\documents\visual studio 2010\projects\openpadproject\padtest\bin\debug\padtest.dll" id="09368185-db2c-a15d-bdf5-8b6a27ef9d97">
      <Execution id="2261d355-6555-4bd1-bbcc-42ad66cd6aad" />
      <TestMethod codeBase="C:/Users/Amichai/Documents/Visual Studio 2010/Projects/OpenPadProject/PadTest/bin/Debug/PadTest.DLL" adapterTypeName="Microsoft.VisualStudio.TestTools.TestTypes.Unit.UnitTestAdapter, Microsoft.VisualStudio.QualityTools.Tips.UnitTest.Adapter, Version=10.0.0.0, Culture=neutral, PublicKeyToken=b03f5f7f11d50a3a" className="PadTest.IntegerTest, PadTest, Version=1.0.0.0, Culture=neutral, PublicKeyToken=null" name="SubtractTest" />
    </UnitTest>
    <UnitTest name="ExpressionConstructorTest1" storage="c:\users\amichai\documents\visual studio 2010\projects\openpadproject\padtest\bin\debug\padtest.dll" id="4b3f2016-7159-c757-9fd1-64975ab2a8a2">
      <Execution id="9da9ef24-0900-4591-8f12-0c5a19a2e5e5" />
      <TestMethod codeBase="C:/Users/Amichai/Documents/Visual Studio 2010/Projects/OpenPadProject/PadTest/bin/Debug/PadTest.DLL" adapterTypeName="Microsoft.VisualStudio.TestTools.TestTypes.Unit.UnitTestAdapter, Microsoft.VisualStudio.QualityTools.Tips.UnitTest.Adapter, Version=10.0.0.0, Culture=neutral, PublicKeyToken=b03f5f7f11d50a3a" className="PadTest.ExpressionTest, PadTest, Version=1.0.0.0, Culture=neutral, PublicKeyToken=null" name="ExpressionConstructorTest1" />
    </UnitTest>
    <UnitTest name="op_InequalityTest" storage="c:\users\amichai\documents\visual studio 2010\projects\openpadproject\padtest\bin\debug\padtest.dll" id="88e07b22-dd2d-fec0-a158-aad12bbd393e">
      <Execution id="a705627c-8382-4977-a1eb-a10659dfb200" />
      <TestMethod codeBase="C:/Users/Amichai/Documents/Visual Studio 2010/Projects/OpenPadProject/PadTest/bin/Debug/PadTest.DLL" adapterTypeName="Microsoft.VisualStudio.TestTools.TestTypes.Unit.UnitTestAdapter, Microsoft.VisualStudio.QualityTools.Tips.UnitTest.Adapter, Version=10.0.0.0, Culture=neutral, PublicKeyToken=b03f5f7f11d50a3a" className="PadTest.DigitTest, PadTest, Version=1.0.0.0, Culture=neutral, PublicKeyToken=null" name="op_InequalityTest" />
    </UnitTest>
    <UnitTest name="AddTest" storage="c:\users\amichai\documents\visual studio 2010\projects\openpadproject\padtest\bin\debug\padtest.dll" id="a4fccabe-3919-a61c-ac73-4adbe89e1f22">
      <Execution id="0a635144-7b79-4dc4-a837-68dfc6c29bdf" />
      <TestMethod codeBase="C:/Users/Amichai/Documents/Visual Studio 2010/Projects/OpenPadProject/PadTest/bin/Debug/PadTest.DLL" adapterTypeName="Microsoft.VisualStudio.TestTools.TestTypes.Unit.UnitTestAdapter, Microsoft.VisualStudio.QualityTools.Tips.UnitTest.Adapter, Version=10.0.0.0, Culture=neutral, PublicKeyToken=b03f5f7f11d50a3a" className="PadTest.IntegerTest, PadTest, Version=1.0.0.0, Culture=neutral, PublicKeyToken=null" name="AddTest" />
    </UnitTest>
    <UnitTest name="op_LessThanTest" storage="c:\users\amichai\documents\visual studio 2010\projects\openpadproject\padtest\bin\debug\padtest.dll" id="db4afe4e-67e3-85e5-0f72-0195c0b93d18">
      <Execution id="c1dc2aa9-8924-4f69-a15a-ce817b15bfa8" />
      <TestMethod codeBase="C:/Users/Amichai/Documents/Visual Studio 2010/Projects/OpenPadProject/PadTest/bin/Debug/PadTest.DLL" adapterTypeName="Microsoft.VisualStudio.TestTools.TestTypes.Unit.UnitTestAdapter, Microsoft.VisualStudio.QualityTools.Tips.UnitTest.Adapter, Version=10.0.0.0, Culture=neutral, PublicKeyToken=b03f5f7f11d50a3a" className="PadTest.DigitTest, PadTest, Version=1.0.0.0, Culture=neutral, PublicKeyToken=null" name="op_LessThanTest" />
    </UnitTest>
    <UnitTest name="GetFactorsTest" storage="c:\users\amichai\documents\visual studio 2010\projects\openpadproject\padtest\bin\debug\padtest.dll" id="befbd27a-cee9-509a-ef28-1e3ad4356194">
      <Execution id="a0fc2194-a7bc-48c1-944f-334073733c58" />
      <TestMethod codeBase="C:/Users/Amichai/Documents/Visual Studio 2010/Projects/OpenPadProject/PadTest/bin/Debug/PadTest.DLL" adapterTypeName="Microsoft.VisualStudio.TestTools.TestTypes.Unit.UnitTestAdapter, Microsoft.VisualStudio.QualityTools.Tips.UnitTest.Adapter, Version=10.0.0.0, Culture=neutral, PublicKeyToken=b03f5f7f11d50a3a" className="PadTest.BigIntTest, PadTest, Version=1.0.0.0, Culture=neutral, PublicKeyToken=null" name="GetFactorsTest" />
    </UnitTest>
  </TestDefinitions>
  <TestLists>
    <TestList name="Results Not in a List" id="8c84fa94-04c1-424b-9868-57a2d4851a1d" />
    <TestList name="All Loaded Results" id="19431567-8539-422a-85d7-44ee4e166bda" />
  </TestLists>
  <TestEntries>
    <TestEntry testId="30e39a90-f3be-1660-60eb-861b64e1492d" executionId="4aa64b79-ac8d-43cc-ae35-7aaa9523de1b" testListId="8c84fa94-04c1-424b-9868-57a2d4851a1d" />
    <TestEntry testId="393e2fa0-e364-4f5b-3807-c50f946dec14" executionId="b8c8b42d-41d7-4a18-b338-acc812059adf" testListId="8c84fa94-04c1-424b-9868-57a2d4851a1d" />
    <TestEntry testId="724b30c6-4d5d-08ba-f484-0761dfa59453" executionId="7d1ec142-078c-4dad-874c-fb2247d1fe89" testListId="8c84fa94-04c1-424b-9868-57a2d4851a1d" />
    <TestEntry testId="4b3f2016-7159-c757-9fd1-64975ab2a8a2" executionId="9da9ef24-0900-4591-8f12-0c5a19a2e5e5" testListId="8c84fa94-04c1-424b-9868-57a2d4851a1d" />
    <TestEntry testId="a4fccabe-3919-a61c-ac73-4adbe89e1f22" executionId="0a635144-7b79-4dc4-a837-68dfc6c29bdf" testListId="8c84fa94-04c1-424b-9868-57a2d4851a1d" />
    <TestEntry testId="eccac256-4a35-dcb8-ca68-e5de022a71b7" executionId="3ed0ebee-d1c6-4525-8052-03b062f34a36" testListId="8c84fa94-04c1-424b-9868-57a2d4851a1d" />
    <TestEntry testId="88e07b22-dd2d-fec0-a158-aad12bbd393e" executionId="a705627c-8382-4977-a1eb-a10659dfb200" testListId="8c84fa94-04c1-424b-9868-57a2d4851a1d" />
    <TestEntry testId="db4afe4e-67e3-85e5-0f72-0195c0b93d18" executionId="c1dc2aa9-8924-4f69-a15a-ce817b15bfa8" testListId="8c84fa94-04c1-424b-9868-57a2d4851a1d" />
    <TestEntry testId="1e2732e3-0764-4a33-689b-c5f3fcba6f6f" executionId="00830b87-c1ed-4c6b-9bd5-70fbe1f4ee04" testListId="8c84fa94-04c1-424b-9868-57a2d4851a1d" />
    <TestEntry testId="09368185-db2c-a15d-bdf5-8b6a27ef9d97" executionId="2261d355-6555-4bd1-bbcc-42ad66cd6aad" testListId="8c84fa94-04c1-424b-9868-57a2d4851a1d" />
    <TestEntry testId="befbd27a-cee9-509a-ef28-1e3ad4356194" executionId="a0fc2194-a7bc-48c1-944f-334073733c58" testListId="8c84fa94-04c1-424b-9868-57a2d4851a1d" />
  </TestEntries>
  <Results>
    <UnitTestResult executionId="4aa64b79-ac8d-43cc-ae35-7aaa9523de1b" testId="30e39a90-f3be-1660-60eb-861b64e1492d" testName="AddListOfTokensTest" computerName="AMICHAI-PC" duration="00:00:00.1324811" startTime="2011-10-03T00:30:37.7128632-04:00" endTime="2011-10-03T00:30:39.6549743-04:00" testType="13cdc9d9-ddb5-4fa4-a97d-d965ccfc6d4b" outcome="Passed" testListId="8c84fa94-04c1-424b-9868-57a2d4851a1d" relativeResultsDirectory="4aa64b79-ac8d-43cc-ae35-7aaa9523de1b">
      <Output>
        <DebugTrace> | Tan [-0.84077125540276]
 | \ + [37]
 |   | * [25]
 |   | | + [-5]
 |   | | | * [-9]
 |   | | | | 3
 |   | | | \ -3
 |   | | \ 4
 |   | \ -5
 |   \ * [12]
 |     | 4
 |     \ 3

</DebugTrace>
      </Output>
    </UnitTestResult>
    <UnitTestResult executionId="b8c8b42d-41d7-4a18-b338-acc812059adf" testId="393e2fa0-e364-4f5b-3807-c50f946dec14" testName="ConvertToPostFixedTest" computerName="AMICHAI-PC" duration="00:00:00.0025787" startTime="2011-10-03T00:30:39.6829759-04:00" endTime="2011-10-03T00:30:39.7159777-04:00" testType="13cdc9d9-ddb5-4fa4-a97d-d965ccfc6d4b" outcome="Passed" testListId="8c84fa94-04c1-424b-9868-57a2d4851a1d" relativeResultsDirectory="b8c8b42d-41d7-4a18-b338-acc812059adf">
    </UnitTestResult>
    <UnitTestResult executionId="7d1ec142-078c-4dad-874c-fb2247d1fe89" testId="724b30c6-4d5d-08ba-f484-0761dfa59453" testName="ExpressionConstructorTest" computerName="AMICHAI-PC" duration="00:00:00.0044077" startTime="2011-10-03T00:30:39.7299785-04:00" endTime="2011-10-03T00:30:39.7479796-04:00" testType="13cdc9d9-ddb5-4fa4-a97d-d965ccfc6d4b" outcome="Passed" testListId="8c84fa94-04c1-424b-9868-57a2d4851a1d" relativeResultsDirectory="7d1ec142-078c-4dad-874c-fb2247d1fe89">
    </UnitTestResult>
    <UnitTestResult executionId="9da9ef24-0900-4591-8f12-0c5a19a2e5e5" testId="4b3f2016-7159-c757-9fd1-64975ab2a8a2" testName="ExpressionConstructorTest1" computerName="AMICHAI-PC" duration="00:00:00.0010379" startTime="2011-10-03T00:30:39.7579801-04:00" endTime="2011-10-03T00:30:39.7799814-04:00" testType="13cdc9d9-ddb5-4fa4-a97d-d965ccfc6d4b" outcome="Passed" testListId="8c84fa94-04c1-424b-9868-57a2d4851a1d" relativeResultsDirectory="9da9ef24-0900-4591-8f12-0c5a19a2e5e5">
    </UnitTestResult>
    <UnitTestResult executionId="0a635144-7b79-4dc4-a837-68dfc6c29bdf" testId="a4fccabe-3919-a61c-ac73-4adbe89e1f22" testName="AddTest" computerName="AMICHAI-PC" duration="00:00:00.0197320" startTime="2011-10-03T00:30:39.7889819-04:00" endTime="2011-10-03T00:30:39.8199837-04:00" testType="13cdc9d9-ddb5-4fa4-a97d-d965ccfc6d4b" outcome="Passed" testListId="8c84fa94-04c1-424b-9868-57a2d4851a1d" relativeResultsDirectory="0a635144-7b79-4dc4-a837-68dfc6c29bdf">
    </UnitTestResult>
    <UnitTestResult executionId="3ed0ebee-d1c6-4525-8052-03b062f34a36" testId="eccac256-4a35-dcb8-ca68-e5de022a71b7" testName="op_SubtractionTest" computerName="AMICHAI-PC" duration="00:00:00.0054202" startTime="2011-10-03T00:30:39.8339845-04:00" endTime="2011-10-03T00:30:39.8509855-04:00" testType="13cdc9d9-ddb5-4fa4-a97d-d965ccfc6d4b" outcome="Passed" testListId="8c84fa94-04c1-424b-9868-57a2d4851a1d" relativeResultsDirectory="3ed0ebee-d1c6-4525-8052-03b062f34a36">
    </UnitTestResult>
    <UnitTestResult executionId="a705627c-8382-4977-a1eb-a10659dfb200" testId="88e07b22-dd2d-fec0-a158-aad12bbd393e" testName="op_InequalityTest" computerName="AMICHAI-PC" duration="00:00:00.0004484" startTime="2011-10-03T00:30:39.8649863-04:00" endTime="2011-10-03T00:30:39.8799871-04:00" testType="13cdc9d9-ddb5-4fa4-a97d-d965ccfc6d4b" outcome="Passed" testListId="8c84fa94-04c1-424b-9868-57a2d4851a1d" relativeResultsDirectory="a705627c-8382-4977-a1eb-a10659dfb200">
    </UnitTestResult>
    <UnitTestResult executionId="c1dc2aa9-8924-4f69-a15a-ce817b15bfa8" testId="db4afe4e-67e3-85e5-0f72-0195c0b93d18" testName="op_LessThanTest" computerName="AMICHAI-PC" duration="00:00:00.0009128" startTime="2011-10-03T00:30:39.8929879-04:00" endTime="2011-10-03T00:30:39.9049886-04:00" testType="13cdc9d9-ddb5-4fa4-a97d-d965ccfc6d4b" outcome="Passed" testListId="8c84fa94-04c1-424b-9868-57a2d4851a1d" relativeResultsDirectory="c1dc2aa9-8924-4f69-a15a-ce817b15bfa8">
    </UnitTestResult>
    <UnitTestResult executionId="00830b87-c1ed-4c6b-9bd5-70fbe1f4ee04" testId="1e2732e3-0764-4a33-689b-c5f3fcba6f6f" testName="op_GreaterThanTest" computerName="AMICHAI-PC" duration="00:00:00.0005658" startTime="2011-10-03T00:30:39.9169892-04:00" endTime="2011-10-03T00:30:39.9309900-04:00" testType="13cdc9d9-ddb5-4fa4-a97d-d965ccfc6d4b" outcome="Passed" testListId="8c84fa94-04c1-424b-9868-57a2d4851a1d" relativeResultsDirectory="00830b87-c1ed-4c6b-9bd5-70fbe1f4ee04">
    </UnitTestResult>
    <UnitTestResult executionId="2261d355-6555-4bd1-bbcc-42ad66cd6aad" testId="09368185-db2c-a15d-bdf5-8b6a27ef9d97" testName="SubtractTest" computerName="AMICHAI-PC" duration="00:00:00.0038365" startTime="2011-10-03T00:30:39.9439908-04:00" endTime="2011-10-03T00:30:39.9619918-04:00" testType="13cdc9d9-ddb5-4fa4-a97d-d965ccfc6d4b" outcome="Passed" testListId="8c84fa94-04c1-424b-9868-57a2d4851a1d" relativeResultsDirectory="2261d355-6555-4bd1-bbcc-42ad66cd6aad">
    </UnitTestResult>
    <UnitTestResult executionId="a0fc2194-a7bc-48c1-944f-334073733c58" testId="befbd27a-cee9-509a-ef28-1e3ad4356194" testName="GetFactorsTest" computerName="AMICHAI-PC" duration="00:00:38.9482277" startTime="2011-10-03T00:30:39.9679922-04:00" endTime="2011-10-03T00:31:18.9162199-04:00" testType="13cdc9d9-ddb5-4fa4-a97d-d965ccfc6d4b" outcome="Aborted" testListId="8c84fa94-04c1-424b-9868-57a2d4851a1d" relativeResultsDirectory="a0fc2194-a7bc-48c1-944f-334073733c58">
    </UnitTestResult>
  </Results>
</TestRun>