<?xml version="1.0" encoding="UTF-8"?>
<TestRun id="c0e70911-a0a5-44ba-be8c-7062ea87d289" name="Amichai@AMICHAI-PC 2011-08-31 00:50:00" runUser="Amichai-PC\Amichai" xmlns="http://microsoft.com/schemas/VisualStudio/TeamTest/2010">
  <TestSettings name="Local" id="bb597171-1561-43ed-9511-ba019d5c2667">
    <Description>These are default test settings for a local test run.</Description>
    <Deployment enabled="false" runDeploymentRoot="Amichai_AMICHAI-PC 2011-08-31 00_50_00">
      <DeploymentItem filename="C:\Users\Amichai\Documents\Visual Studio 2010\Projects\OpenPadProject\packages\MathNet.Numerics.2011.4.17.0\lib\Net40\MathNet.Numerics.dll" />
      <DeploymentItem filename="C:\Users\Amichai\Documents\Third Party Source\Iron Python\IronPython_Main\Util\IronPython\IronPython.dll" />
      <DeploymentItem filename="C:\Users\Amichai\Documents\Visual Studio 2010\Projects\OpenPadProject\MessageHandling\bin\Debug\MessageHandling.dll" />
      <DeploymentItem filename="C:\Users\Amichai\Documents\Visual Studio 2010\Projects\OpenPadProject\Compiler\bin\Debug\Compiler.dll" />
      <DeploymentItem filename="C:\Users\Amichai\Documents\Third Party Source\Iron Python\IronPython_Main\Util\IronPython\Microsoft.Scripting.dll" />
      <DeploymentItem filename="C:\Users\Amichai\Documents\Third Party Source\Iron Python\IronPython_Main\Util\IronPython\IronPython.Modules.dll" />
      <DeploymentItem filename="C:\Users\Amichai\Documents\Third Party Source\Iron Python\IronPython_Main\Util\IronRuby\bin\Microsoft.Scripting.Core.dll" />
      <DeploymentItem filename="C:\Users\Amichai\Documents\Third Party Source\Iron Python\IronPython_Main\Util\IronPython\Microsoft.Scripting.Debugging.dll" />
      <DeploymentItem filename="C:\Users\Amichai\Documents\Visual Studio 2010\Projects\OpenPadProject\PadTest\bin\Debug\Antlr3.Runtime.dll" />
      <DeploymentItem filename="C:\Users\Amichai\Documents\Third Party Source\Iron Python\IronPython_Main\Util\IronPython\Microsoft.Dynamic.dll" />
      <DeploymentItem filename="C:\Users\Amichai\Documents\Visual Studio 2010\Projects\OpenPadProject\Value\bin\Debug\Value.dll" />
      <DeploymentItem filename="C:\Users\Amichai\Documents\Visual Studio 2010\Projects\OpenPadProject\packages\zlib.net.1.0.3.0\lib\zlib.net.dll" />
      <DeploymentItem filename="C:\Users\Amichai\Documents\Visual Studio 2010\Projects\OpenPadProject\LoggingManager\bin\Debug\LoggingManager.dll" />
    </Deployment>
    <Execution>
      <TestTypeSpecific />
      <AgentRule name="Execution Agents">
      </AgentRule>
    </Execution>
  </TestSettings>
  <Times creation="2011-08-31T00:50:00.8127750-04:00" queuing="2011-08-31T00:50:06.5191014-04:00" start="2011-08-31T00:50:06.7731159-04:00" finish="2011-08-31T00:50:16.5766767-04:00" />
  <ResultSummary outcome="Inconclusive">
    <Counters total="4" executed="4" passed="3" error="0" failed="0" timeout="0" aborted="0" inconclusive="1" passedButRunAborted="0" notRunnable="0" notExecuted="0" disconnected="0" warning="0" completed="0" inProgress="0" pending="0" />
  </ResultSummary>
  <TestDefinitions>
    <UnitTest name="ExpressionConstructorTest1" storage="c:\users\amichai\documents\visual studio 2010\projects\openpadproject\padtest\bin\debug\padtest.dll" id="4b3f2016-7159-c757-9fd1-64975ab2a8a2">
      <Execution id="bad0b912-c9bc-4609-96ef-5e984f9fdb97" />
      <TestMethod codeBase="C:/Users/Amichai/Documents/Visual Studio 2010/Projects/OpenPadProject/PadTest/bin/Debug/PadTest.DLL" adapterTypeName="Microsoft.VisualStudio.TestTools.TestTypes.Unit.UnitTestAdapter, Microsoft.VisualStudio.QualityTools.Tips.UnitTest.Adapter, Version=10.0.0.0, Culture=neutral, PublicKeyToken=b03f5f7f11d50a3a" className="PadTest.ExpressionTest, PadTest, Version=1.0.0.0, Culture=neutral, PublicKeyToken=null" name="ExpressionConstructorTest1" />
    </UnitTest>
    <UnitTest name="ExpressionConstructorTest" storage="c:\users\amichai\documents\visual studio 2010\projects\openpadproject\padtest\bin\debug\padtest.dll" id="724b30c6-4d5d-08ba-f484-0761dfa59453">
      <Execution id="2ac5027c-574b-45fb-a40a-ab4610765904" />
      <TestMethod codeBase="C:/Users/Amichai/Documents/Visual Studio 2010/Projects/OpenPadProject/PadTest/bin/Debug/PadTest.DLL" adapterTypeName="Microsoft.VisualStudio.TestTools.TestTypes.Unit.UnitTestAdapter, Microsoft.VisualStudio.QualityTools.Tips.UnitTest.Adapter, Version=10.0.0.0, Culture=neutral, PublicKeyToken=b03f5f7f11d50a3a" className="PadTest.ExpressionTest, PadTest, Version=1.0.0.0, Culture=neutral, PublicKeyToken=null" name="ExpressionConstructorTest" />
    </UnitTest>
    <UnitTest name="ConvertToPostFixedTest" storage="c:\users\amichai\documents\visual studio 2010\projects\openpadproject\padtest\bin\debug\padtest.dll" id="393e2fa0-e364-4f5b-3807-c50f946dec14">
      <Execution id="abee86ce-a0cb-4c62-bfbb-440ff57609e4" />
      <TestMethod codeBase="C:/Users/Amichai/Documents/Visual Studio 2010/Projects/OpenPadProject/PadTest/bin/Debug/PadTest.DLL" adapterTypeName="Microsoft.VisualStudio.TestTools.TestTypes.Unit.UnitTestAdapter, Microsoft.VisualStudio.QualityTools.Tips.UnitTest.Adapter, Version=10.0.0.0, Culture=neutral, PublicKeyToken=b03f5f7f11d50a3a" className="PadTest.ShuntingYardTest, PadTest, Version=1.0.0.0, Culture=neutral, PublicKeyToken=null" name="ConvertToPostFixedTest" />
    </UnitTest>
    <UnitTest name="AddListOfTokensTest" storage="c:\users\amichai\documents\visual studio 2010\projects\openpadproject\padtest\bin\debug\padtest.dll" id="30e39a90-f3be-1660-60eb-861b64e1492d">
      <Execution id="196dd3af-1de0-41c7-b210-a79cb4f7ed4f" />
      <TestMethod codeBase="C:/Users/Amichai/Documents/Visual Studio 2010/Projects/OpenPadProject/PadTest/bin/Debug/PadTest.DLL" adapterTypeName="Microsoft.VisualStudio.TestTools.TestTypes.Unit.UnitTestAdapter, Microsoft.VisualStudio.QualityTools.Tips.UnitTest.Adapter, Version=10.0.0.0, Culture=neutral, PublicKeyToken=b03f5f7f11d50a3a" className="PadTest.ParseTreeTest, PadTest, Version=1.0.0.0, Culture=neutral, PublicKeyToken=null" name="AddListOfTokensTest" />
    </UnitTest>
  </TestDefinitions>
  <TestLists>
    <TestList name="Results Not in a List" id="8c84fa94-04c1-424b-9868-57a2d4851a1d" />
    <TestList name="All Loaded Results" id="19431567-8539-422a-85d7-44ee4e166bda" />
  </TestLists>
  <TestEntries>
    <TestEntry testId="30e39a90-f3be-1660-60eb-861b64e1492d" executionId="196dd3af-1de0-41c7-b210-a79cb4f7ed4f" testListId="8c84fa94-04c1-424b-9868-57a2d4851a1d" />
    <TestEntry testId="393e2fa0-e364-4f5b-3807-c50f946dec14" executionId="abee86ce-a0cb-4c62-bfbb-440ff57609e4" testListId="8c84fa94-04c1-424b-9868-57a2d4851a1d" />
    <TestEntry testId="724b30c6-4d5d-08ba-f484-0761dfa59453" executionId="2ac5027c-574b-45fb-a40a-ab4610765904" testListId="8c84fa94-04c1-424b-9868-57a2d4851a1d" />
    <TestEntry testId="4b3f2016-7159-c757-9fd1-64975ab2a8a2" executionId="bad0b912-c9bc-4609-96ef-5e984f9fdb97" testListId="8c84fa94-04c1-424b-9868-57a2d4851a1d" />
  </TestEntries>
  <Results>
    <UnitTestResult executionId="196dd3af-1de0-41c7-b210-a79cb4f7ed4f" testId="30e39a90-f3be-1660-60eb-861b64e1492d" testName="AddListOfTokensTest" computerName="AMICHAI-PC" duration="00:00:01.6718152" startTime="2011-08-31T00:50:07.4461544-04:00" endTime="2011-08-31T00:50:11.5243877-04:00" testType="13cdc9d9-ddb5-4fa4-a97d-d965ccfc6d4b" outcome="Inconclusive" testListId="8c84fa94-04c1-424b-9868-57a2d4851a1d" relativeResultsDirectory="196dd3af-1de0-41c7-b210-a79cb4f7ed4f">
      <Output>
        <DebugTrace> | Tan [-0.84077125540276]
 | \ + [37]
 |   | * [25]
 |   | | + [-5]
 |   | | | * [-9]
 |   | | | | 3
 |   | | | \ -3
 |   | | \ 4
 |   | \ -5
 |   \ * [12]
 |     | 4
 |     \ 3

</DebugTrace>
        <ErrorInfo>
          <Message>Assert.Inconclusive failed. Check the output window and see if the result is correct</Message>
          <StackTrace>   at PadTest.ParseTreeTest.AddListOfTokensTest() in C:\Users\Amichai\Documents\Visual Studio 2010\Projects\OpenPadProject\PadTest\ParseTreeTest.cs:line 79
</StackTrace>
        </ErrorInfo>
      </Output>
    </UnitTestResult>
    <UnitTestResult executionId="abee86ce-a0cb-4c62-bfbb-440ff57609e4" testId="393e2fa0-e364-4f5b-3807-c50f946dec14" testName="ConvertToPostFixedTest" computerName="AMICHAI-PC" duration="00:00:00.0024973" startTime="2011-08-31T00:50:11.5473890-04:00" endTime="2011-08-31T00:50:11.5673901-04:00" testType="13cdc9d9-ddb5-4fa4-a97d-d965ccfc6d4b" outcome="Passed" testListId="8c84fa94-04c1-424b-9868-57a2d4851a1d" relativeResultsDirectory="abee86ce-a0cb-4c62-bfbb-440ff57609e4">
    </UnitTestResult>
    <UnitTestResult executionId="2ac5027c-574b-45fb-a40a-ab4610765904" testId="724b30c6-4d5d-08ba-f484-0761dfa59453" testName="ExpressionConstructorTest" computerName="AMICHAI-PC" duration="00:00:04.8208622" startTime="2011-08-31T00:50:11.5783908-04:00" endTime="2011-08-31T00:50:16.4176676-04:00" testType="13cdc9d9-ddb5-4fa4-a97d-d965ccfc6d4b" outcome="Passed" testListId="8c84fa94-04c1-424b-9868-57a2d4851a1d" relativeResultsDirectory="2ac5027c-574b-45fb-a40a-ab4610765904">
    </UnitTestResult>
    <UnitTestResult executionId="bad0b912-c9bc-4609-96ef-5e984f9fdb97" testId="4b3f2016-7159-c757-9fd1-64975ab2a8a2" testName="ExpressionConstructorTest1" computerName="AMICHAI-PC" duration="00:00:00.0009840" startTime="2011-08-31T00:50:16.4576699-04:00" endTime="2011-08-31T00:50:16.4726707-04:00" testType="13cdc9d9-ddb5-4fa4-a97d-d965ccfc6d4b" outcome="Passed" testListId="8c84fa94-04c1-424b-9868-57a2d4851a1d" relativeResultsDirectory="bad0b912-c9bc-4609-96ef-5e984f9fdb97">
    </UnitTestResult>
  </Results>
</TestRun>