<?xml version="1.0" encoding="UTF-8"?>
<TestRun id="6d67934f-0545-404f-8f68-7fc8c3398ad8" name="Amichai@AMICHAI-PC 2011-10-02 04:53:26" runUser="Amichai-PC\Amichai" xmlns="http://microsoft.com/schemas/VisualStudio/TeamTest/2010">
  <TestSettings name="Local" id="bb597171-1561-43ed-9511-ba019d5c2667">
    <Description>These are default test settings for a local test run.</Description>
    <Deployment enabled="false" runDeploymentRoot="Amichai_AMICHAI-PC 2011-10-02 04_53_26">
      <DeploymentItem filename="C:\Users\Amichai\Documents\Visual Studio 2010\Projects\RandomWalker\packages\morelinq.1.0\lib\net35\MoreLinq.dll" />
      <DeploymentItem filename="C:\Users\Amichai\Documents\Visual Studio 2010\Projects\OpenPadProject\Common\bin\Debug\Common.dll" />
      <DeploymentItem filename="C:\Users\Amichai\Documents\Third Party Source\Iron Python\IronPython_Main\Util\IronPython\IronPython.dll" />
      <DeploymentItem filename="C:\Users\Amichai\Documents\Visual Studio 2010\Projects\OpenPadProject\MessageHandling\bin\Debug\MessageHandling.dll" />
      <DeploymentItem filename="C:\Users\Amichai\Documents\Visual Studio 2010\Projects\OpenPadProject\Compiler\bin\Debug\Compiler.dll" />
      <DeploymentItem filename="C:\Users\Amichai\Documents\Third Party Source\Iron Python\IronPython_Main\Util\IronPython\Microsoft.Scripting.dll" />
      <DeploymentItem filename="C:\Users\Amichai\Documents\Third Party Source\Iron Python\IronPython_Main\Util\IronPython\IronPython.Modules.dll" />
      <DeploymentItem filename="C:\Users\Amichai\Documents\Third Party Source\Iron Python\IronPython_Main\Util\IronRuby\bin\Microsoft.Scripting.Core.dll" />
      <DeploymentItem filename="C:\Users\Amichai\Documents\Third Party Source\Iron Python\IronPython_Main\Util\IronPython\Microsoft.Scripting.Debugging.dll" />
      <DeploymentItem filename="C:\Users\Amichai\Documents\Visual Studio 2010\Projects\OpenPadProject\PadTest\bin\Debug\Antlr3.Runtime.dll" />
      <DeploymentItem filename="C:\Users\Amichai\Documents\Third Party Source\Iron Python\IronPython_Main\Util\IronPython\Microsoft.Dynamic.dll" />
      <DeploymentItem filename="C:\Users\Amichai\Documents\Visual Studio 2010\Projects\OpenPadProject\Value\bin\Debug\Value.dll" />
      <DeploymentItem filename="C:\Users\Amichai\Documents\Visual Studio 2010\Projects\OpenPadProject\packages\MathNet.Numerics.2011.4.17.0\lib\Net40\MathNet.Numerics.dll" />
      <DeploymentItem filename="C:\Users\Amichai\Documents\Visual Studio 2010\Projects\OpenPadProject\packages\zlib.net.1.0.3.0\lib\zlib.net.dll" />
      <DeploymentItem filename="C:\Users\Amichai\Documents\Visual Studio 2010\Projects\OpenPadProject\LoggingManager\bin\Debug\LoggingManager.dll" />
    </Deployment>
    <Execution>
      <TestTypeSpecific />
      <AgentRule name="Execution Agents">
      </AgentRule>
    </Execution>
  </TestSettings>
  <Times creation="2011-10-02T04:53:26.6298081-04:00" queuing="2011-10-02T04:53:29.1199506-04:00" start="2011-10-02T04:53:29.2219564-04:00" finish="2011-10-02T04:53:55.1904417-04:00" />
  <ResultSummary outcome="Error">
    <Counters total="10" executed="1" passed="1" error="0" failed="0" timeout="0" aborted="0" inconclusive="0" passedButRunAborted="0" notRunnable="0" notExecuted="9" disconnected="0" warning="0" completed="0" inProgress="0" pending="0" />
    <RunInfos>
      <RunInfo computerName="AMICHAI-PC" outcome="Error" timestamp="2011-10-02T04:53:55.1844414-04:00">
        <Text>Test host process exited unexpectedly.</Text>
      </RunInfo>
    </RunInfos>
  </ResultSummary>
  <TestDefinitions>
    <UnitTest name="op_SubtractionTest" storage="c:\users\amichai\documents\visual studio 2010\projects\openpadproject\padtest\bin\debug\padtest.dll" id="eccac256-4a35-dcb8-ca68-e5de022a71b7">
      <Execution id="75066e4b-76f0-4272-9d2f-5a71b97e8f65" />
      <TestMethod codeBase="C:/Users/Amichai/Documents/Visual Studio 2010/Projects/OpenPadProject/PadTest/bin/Debug/PadTest.DLL" adapterTypeName="Microsoft.VisualStudio.TestTools.TestTypes.Unit.UnitTestAdapter, Microsoft.VisualStudio.QualityTools.Tips.UnitTest.Adapter, Version=10.0.0.0, Culture=neutral, PublicKeyToken=b03f5f7f11d50a3a" className="PadTest.DigitTest, PadTest, Version=1.0.0.0, Culture=neutral, PublicKeyToken=null" name="op_SubtractionTest" />
    </UnitTest>
    <UnitTest name="op_GreaterThanTest" storage="c:\users\amichai\documents\visual studio 2010\projects\openpadproject\padtest\bin\debug\padtest.dll" id="1e2732e3-0764-4a33-689b-c5f3fcba6f6f">
      <Execution id="4ddf4263-7169-4665-b805-d90fdc63d779" />
      <TestMethod codeBase="C:/Users/Amichai/Documents/Visual Studio 2010/Projects/OpenPadProject/PadTest/bin/Debug/PadTest.DLL" adapterTypeName="Microsoft.VisualStudio.TestTools.TestTypes.Unit.UnitTestAdapter, Microsoft.VisualStudio.QualityTools.Tips.UnitTest.Adapter, Version=10.0.0.0, Culture=neutral, PublicKeyToken=b03f5f7f11d50a3a" className="PadTest.DigitTest, PadTest, Version=1.0.0.0, Culture=neutral, PublicKeyToken=null" name="op_GreaterThanTest" />
    </UnitTest>
    <UnitTest name="ConvertToPostFixedTest" storage="c:\users\amichai\documents\visual studio 2010\projects\openpadproject\padtest\bin\debug\padtest.dll" id="393e2fa0-e364-4f5b-3807-c50f946dec14">
      <Execution id="d7a0c5af-2886-470a-ae3a-3fe413da1b9b" />
      <TestMethod codeBase="C:/Users/Amichai/Documents/Visual Studio 2010/Projects/OpenPadProject/PadTest/bin/Debug/PadTest.DLL" adapterTypeName="Microsoft.VisualStudio.TestTools.TestTypes.Unit.UnitTestAdapter, Microsoft.VisualStudio.QualityTools.Tips.UnitTest.Adapter, Version=10.0.0.0, Culture=neutral, PublicKeyToken=b03f5f7f11d50a3a" className="PadTest.ShuntingYardTest, PadTest, Version=1.0.0.0, Culture=neutral, PublicKeyToken=null" name="ConvertToPostFixedTest" />
    </UnitTest>
    <UnitTest name="AddListOfTokensTest" storage="c:\users\amichai\documents\visual studio 2010\projects\openpadproject\padtest\bin\debug\padtest.dll" id="30e39a90-f3be-1660-60eb-861b64e1492d">
      <Execution id="375452e4-ab22-45b8-93a6-bd7887b42d88" />
      <TestMethod codeBase="C:/Users/Amichai/Documents/Visual Studio 2010/Projects/OpenPadProject/PadTest/bin/Debug/PadTest.DLL" adapterTypeName="Microsoft.VisualStudio.TestTools.TestTypes.Unit.UnitTestAdapter, Microsoft.VisualStudio.QualityTools.Tips.UnitTest.Adapter, Version=10.0.0.0, Culture=neutral, PublicKeyToken=b03f5f7f11d50a3a" className="PadTest.ParseTreeTest, PadTest, Version=1.0.0.0, Culture=neutral, PublicKeyToken=null" name="AddListOfTokensTest" />
    </UnitTest>
    <UnitTest name="ExpressionConstructorTest" storage="c:\users\amichai\documents\visual studio 2010\projects\openpadproject\padtest\bin\debug\padtest.dll" id="724b30c6-4d5d-08ba-f484-0761dfa59453">
      <Execution id="9ba778fb-2df4-4e0d-a4f3-f97204454b8d" />
      <TestMethod codeBase="C:/Users/Amichai/Documents/Visual Studio 2010/Projects/OpenPadProject/PadTest/bin/Debug/PadTest.DLL" adapterTypeName="Microsoft.VisualStudio.TestTools.TestTypes.Unit.UnitTestAdapter, Microsoft.VisualStudio.QualityTools.Tips.UnitTest.Adapter, Version=10.0.0.0, Culture=neutral, PublicKeyToken=b03f5f7f11d50a3a" className="PadTest.ExpressionTest, PadTest, Version=1.0.0.0, Culture=neutral, PublicKeyToken=null" name="ExpressionConstructorTest" />
    </UnitTest>
    <UnitTest name="SubtractTest" storage="c:\users\amichai\documents\visual studio 2010\projects\openpadproject\padtest\bin\debug\padtest.dll" id="09368185-db2c-a15d-bdf5-8b6a27ef9d97">
      <Execution id="fb6c06d8-7a40-4eb8-8dfe-47039d01c2ad" />
      <TestMethod codeBase="C:/Users/Amichai/Documents/Visual Studio 2010/Projects/OpenPadProject/PadTest/bin/Debug/PadTest.DLL" adapterTypeName="Microsoft.VisualStudio.TestTools.TestTypes.Unit.UnitTestAdapter, Microsoft.VisualStudio.QualityTools.Tips.UnitTest.Adapter, Version=10.0.0.0, Culture=neutral, PublicKeyToken=b03f5f7f11d50a3a" className="PadTest.IntegerTest, PadTest, Version=1.0.0.0, Culture=neutral, PublicKeyToken=null" name="SubtractTest" />
    </UnitTest>
    <UnitTest name="ExpressionConstructorTest1" storage="c:\users\amichai\documents\visual studio 2010\projects\openpadproject\padtest\bin\debug\padtest.dll" id="4b3f2016-7159-c757-9fd1-64975ab2a8a2">
      <Execution id="e83331e0-176b-45e1-9a2a-3d64bbac0b15" />
      <TestMethod codeBase="C:/Users/Amichai/Documents/Visual Studio 2010/Projects/OpenPadProject/PadTest/bin/Debug/PadTest.DLL" adapterTypeName="Microsoft.VisualStudio.TestTools.TestTypes.Unit.UnitTestAdapter, Microsoft.VisualStudio.QualityTools.Tips.UnitTest.Adapter, Version=10.0.0.0, Culture=neutral, PublicKeyToken=b03f5f7f11d50a3a" className="PadTest.ExpressionTest, PadTest, Version=1.0.0.0, Culture=neutral, PublicKeyToken=null" name="ExpressionConstructorTest1" />
    </UnitTest>
    <UnitTest name="op_InequalityTest" storage="c:\users\amichai\documents\visual studio 2010\projects\openpadproject\padtest\bin\debug\padtest.dll" id="88e07b22-dd2d-fec0-a158-aad12bbd393e">
      <Execution id="b6a39ee3-74c0-40eb-a466-5841baa40aad" />
      <TestMethod codeBase="C:/Users/Amichai/Documents/Visual Studio 2010/Projects/OpenPadProject/PadTest/bin/Debug/PadTest.DLL" adapterTypeName="Microsoft.VisualStudio.TestTools.TestTypes.Unit.UnitTestAdapter, Microsoft.VisualStudio.QualityTools.Tips.UnitTest.Adapter, Version=10.0.0.0, Culture=neutral, PublicKeyToken=b03f5f7f11d50a3a" className="PadTest.DigitTest, PadTest, Version=1.0.0.0, Culture=neutral, PublicKeyToken=null" name="op_InequalityTest" />
    </UnitTest>
    <UnitTest name="AddTest" storage="c:\users\amichai\documents\visual studio 2010\projects\openpadproject\padtest\bin\debug\padtest.dll" id="a4fccabe-3919-a61c-ac73-4adbe89e1f22">
      <Execution id="3a96706a-e1a3-412b-a632-2fe45701c8f0" />
      <TestMethod codeBase="C:/Users/Amichai/Documents/Visual Studio 2010/Projects/OpenPadProject/PadTest/bin/Debug/PadTest.DLL" adapterTypeName="Microsoft.VisualStudio.TestTools.TestTypes.Unit.UnitTestAdapter, Microsoft.VisualStudio.QualityTools.Tips.UnitTest.Adapter, Version=10.0.0.0, Culture=neutral, PublicKeyToken=b03f5f7f11d50a3a" className="PadTest.IntegerTest, PadTest, Version=1.0.0.0, Culture=neutral, PublicKeyToken=null" name="AddTest" />
    </UnitTest>
    <UnitTest name="op_LessThanTest" storage="c:\users\amichai\documents\visual studio 2010\projects\openpadproject\padtest\bin\debug\padtest.dll" id="db4afe4e-67e3-85e5-0f72-0195c0b93d18">
      <Execution id="a09adaa6-3052-46c4-91e1-880794623968" />
      <TestMethod codeBase="C:/Users/Amichai/Documents/Visual Studio 2010/Projects/OpenPadProject/PadTest/bin/Debug/PadTest.DLL" adapterTypeName="Microsoft.VisualStudio.TestTools.TestTypes.Unit.UnitTestAdapter, Microsoft.VisualStudio.QualityTools.Tips.UnitTest.Adapter, Version=10.0.0.0, Culture=neutral, PublicKeyToken=b03f5f7f11d50a3a" className="PadTest.DigitTest, PadTest, Version=1.0.0.0, Culture=neutral, PublicKeyToken=null" name="op_LessThanTest" />
    </UnitTest>
  </TestDefinitions>
  <TestLists>
    <TestList name="Results Not in a List" id="8c84fa94-04c1-424b-9868-57a2d4851a1d" />
    <TestList name="All Loaded Results" id="19431567-8539-422a-85d7-44ee4e166bda" />
  </TestLists>
  <TestEntries>
    <TestEntry testId="30e39a90-f3be-1660-60eb-861b64e1492d" executionId="375452e4-ab22-45b8-93a6-bd7887b42d88" testListId="8c84fa94-04c1-424b-9868-57a2d4851a1d" />
    <TestEntry testId="393e2fa0-e364-4f5b-3807-c50f946dec14" executionId="d7a0c5af-2886-470a-ae3a-3fe413da1b9b" testListId="8c84fa94-04c1-424b-9868-57a2d4851a1d" />
    <TestEntry testId="724b30c6-4d5d-08ba-f484-0761dfa59453" executionId="9ba778fb-2df4-4e0d-a4f3-f97204454b8d" testListId="8c84fa94-04c1-424b-9868-57a2d4851a1d" />
    <TestEntry testId="4b3f2016-7159-c757-9fd1-64975ab2a8a2" executionId="e83331e0-176b-45e1-9a2a-3d64bbac0b15" testListId="8c84fa94-04c1-424b-9868-57a2d4851a1d" />
    <TestEntry testId="a4fccabe-3919-a61c-ac73-4adbe89e1f22" executionId="3a96706a-e1a3-412b-a632-2fe45701c8f0" testListId="8c84fa94-04c1-424b-9868-57a2d4851a1d" />
    <TestEntry testId="eccac256-4a35-dcb8-ca68-e5de022a71b7" executionId="75066e4b-76f0-4272-9d2f-5a71b97e8f65" testListId="8c84fa94-04c1-424b-9868-57a2d4851a1d" />
    <TestEntry testId="88e07b22-dd2d-fec0-a158-aad12bbd393e" executionId="b6a39ee3-74c0-40eb-a466-5841baa40aad" testListId="8c84fa94-04c1-424b-9868-57a2d4851a1d" />
    <TestEntry testId="db4afe4e-67e3-85e5-0f72-0195c0b93d18" executionId="a09adaa6-3052-46c4-91e1-880794623968" testListId="8c84fa94-04c1-424b-9868-57a2d4851a1d" />
    <TestEntry testId="1e2732e3-0764-4a33-689b-c5f3fcba6f6f" executionId="4ddf4263-7169-4665-b805-d90fdc63d779" testListId="8c84fa94-04c1-424b-9868-57a2d4851a1d" />
    <TestEntry testId="09368185-db2c-a15d-bdf5-8b6a27ef9d97" executionId="fb6c06d8-7a40-4eb8-8dfe-47039d01c2ad" testListId="8c84fa94-04c1-424b-9868-57a2d4851a1d" />
  </TestEntries>
  <Results>
    <UnitTestResult executionId="375452e4-ab22-45b8-93a6-bd7887b42d88" testId="30e39a90-f3be-1660-60eb-861b64e1492d" testName="AddListOfTokensTest" computerName="AMICHAI-PC" duration="00:00:00.1172267" startTime="2011-10-02T04:53:29.3019610-04:00" endTime="2011-10-02T04:53:31.4370831-04:00" testType="13cdc9d9-ddb5-4fa4-a97d-d965ccfc6d4b" outcome="Passed" testListId="8c84fa94-04c1-424b-9868-57a2d4851a1d" relativeResultsDirectory="375452e4-ab22-45b8-93a6-bd7887b42d88">
      <Output>
        <DebugTrace> | Tan [-0.84077125540276]
 | \ + [37]
 |   | * [25]
 |   | | + [-5]
 |   | | | * [-9]
 |   | | | | 3
 |   | | | \ -3
 |   | | \ 4
 |   | \ -5
 |   \ * [12]
 |     | 4
 |     \ 3

</DebugTrace>
      </Output>
    </UnitTestResult>
    <UnitTestResult executionId="d7a0c5af-2886-470a-ae3a-3fe413da1b9b" testId="393e2fa0-e364-4f5b-3807-c50f946dec14" testName="ConvertToPostFixedTest" computerName="AMICHAI-PC" testType="13cdc9d9-ddb5-4fa4-a97d-d965ccfc6d4b" outcome="NotExecuted" testListId="8c84fa94-04c1-424b-9868-57a2d4851a1d" relativeResultsDirectory="d7a0c5af-2886-470a-ae3a-3fe413da1b9b">
    </UnitTestResult>
    <UnitTestResult executionId="9ba778fb-2df4-4e0d-a4f3-f97204454b8d" testId="724b30c6-4d5d-08ba-f484-0761dfa59453" testName="ExpressionConstructorTest" computerName="AMICHAI-PC" testType="13cdc9d9-ddb5-4fa4-a97d-d965ccfc6d4b" outcome="NotExecuted" testListId="8c84fa94-04c1-424b-9868-57a2d4851a1d" relativeResultsDirectory="9ba778fb-2df4-4e0d-a4f3-f97204454b8d">
    </UnitTestResult>
    <UnitTestResult executionId="e83331e0-176b-45e1-9a2a-3d64bbac0b15" testId="4b3f2016-7159-c757-9fd1-64975ab2a8a2" testName="ExpressionConstructorTest1" computerName="AMICHAI-PC" testType="13cdc9d9-ddb5-4fa4-a97d-d965ccfc6d4b" outcome="NotExecuted" testListId="8c84fa94-04c1-424b-9868-57a2d4851a1d" relativeResultsDirectory="e83331e0-176b-45e1-9a2a-3d64bbac0b15">
    </UnitTestResult>
    <UnitTestResult executionId="3a96706a-e1a3-412b-a632-2fe45701c8f0" testId="a4fccabe-3919-a61c-ac73-4adbe89e1f22" testName="AddTest" computerName="AMICHAI-PC" testType="13cdc9d9-ddb5-4fa4-a97d-d965ccfc6d4b" outcome="NotExecuted" testListId="8c84fa94-04c1-424b-9868-57a2d4851a1d" relativeResultsDirectory="3a96706a-e1a3-412b-a632-2fe45701c8f0">
    </UnitTestResult>
    <UnitTestResult executionId="75066e4b-76f0-4272-9d2f-5a71b97e8f65" testId="eccac256-4a35-dcb8-ca68-e5de022a71b7" testName="op_SubtractionTest" computerName="AMICHAI-PC" testType="13cdc9d9-ddb5-4fa4-a97d-d965ccfc6d4b" outcome="NotExecuted" testListId="8c84fa94-04c1-424b-9868-57a2d4851a1d" relativeResultsDirectory="75066e4b-76f0-4272-9d2f-5a71b97e8f65">
    </UnitTestResult>
    <UnitTestResult executionId="b6a39ee3-74c0-40eb-a466-5841baa40aad" testId="88e07b22-dd2d-fec0-a158-aad12bbd393e" testName="op_InequalityTest" computerName="AMICHAI-PC" testType="13cdc9d9-ddb5-4fa4-a97d-d965ccfc6d4b" outcome="NotExecuted" testListId="8c84fa94-04c1-424b-9868-57a2d4851a1d" relativeResultsDirectory="b6a39ee3-74c0-40eb-a466-5841baa40aad">
    </UnitTestResult>
    <UnitTestResult executionId="a09adaa6-3052-46c4-91e1-880794623968" testId="db4afe4e-67e3-85e5-0f72-0195c0b93d18" testName="op_LessThanTest" computerName="AMICHAI-PC" testType="13cdc9d9-ddb5-4fa4-a97d-d965ccfc6d4b" outcome="NotExecuted" testListId="8c84fa94-04c1-424b-9868-57a2d4851a1d" relativeResultsDirectory="a09adaa6-3052-46c4-91e1-880794623968">
    </UnitTestResult>
    <UnitTestResult executionId="4ddf4263-7169-4665-b805-d90fdc63d779" testId="1e2732e3-0764-4a33-689b-c5f3fcba6f6f" testName="op_GreaterThanTest" computerName="AMICHAI-PC" testType="13cdc9d9-ddb5-4fa4-a97d-d965ccfc6d4b" outcome="NotExecuted" testListId="8c84fa94-04c1-424b-9868-57a2d4851a1d" relativeResultsDirectory="4ddf4263-7169-4665-b805-d90fdc63d779">
    </UnitTestResult>
    <UnitTestResult executionId="fb6c06d8-7a40-4eb8-8dfe-47039d01c2ad" testId="09368185-db2c-a15d-bdf5-8b6a27ef9d97" testName="SubtractTest" computerName="AMICHAI-PC" testType="13cdc9d9-ddb5-4fa4-a97d-d965ccfc6d4b" outcome="NotExecuted" testListId="8c84fa94-04c1-424b-9868-57a2d4851a1d" relativeResultsDirectory="fb6c06d8-7a40-4eb8-8dfe-47039d01c2ad">
    </UnitTestResult>
  </Results>
</TestRun>