<?xml version="1.0" encoding="UTF-8"?>
<TestRun id="557bf2e4-3747-4f00-b285-90be08bdbeb2" name="Amichai@AMICHAI-PC 2011-10-02 05:14:55" runUser="Amichai-PC\Amichai" xmlns="http://microsoft.com/schemas/VisualStudio/TeamTest/2010">
  <TestSettings name="Local" id="bb597171-1561-43ed-9511-ba019d5c2667">
    <Description>These are default test settings for a local test run.</Description>
    <Deployment enabled="false" runDeploymentRoot="Amichai_AMICHAI-PC 2011-10-02 05_14_55">
      <DeploymentItem filename="C:\Users\Amichai\Documents\Visual Studio 2010\Projects\RandomWalker\packages\morelinq.1.0\lib\net35\MoreLinq.dll" />
      <DeploymentItem filename="C:\Users\Amichai\Documents\Visual Studio 2010\Projects\OpenPadProject\Common\bin\Debug\Common.dll" />
      <DeploymentItem filename="C:\Users\Amichai\Documents\Third Party Source\Iron Python\IronPython_Main\Util\IronPython\IronPython.dll" />
      <DeploymentItem filename="C:\Users\Amichai\Documents\Visual Studio 2010\Projects\OpenPadProject\MessageHandling\bin\Debug\MessageHandling.dll" />
      <DeploymentItem filename="C:\Users\Amichai\Documents\Visual Studio 2010\Projects\OpenPadProject\Compiler\bin\Debug\Compiler.dll" />
      <DeploymentItem filename="C:\Users\Amichai\Documents\Third Party Source\Iron Python\IronPython_Main\Util\IronPython\Microsoft.Scripting.dll" />
      <DeploymentItem filename="C:\Users\Amichai\Documents\Third Party Source\Iron Python\IronPython_Main\Util\IronPython\IronPython.Modules.dll" />
      <DeploymentItem filename="C:\Users\Amichai\Documents\Third Party Source\Iron Python\IronPython_Main\Util\IronRuby\bin\Microsoft.Scripting.Core.dll" />
      <DeploymentItem filename="C:\Users\Amichai\Documents\Third Party Source\Iron Python\IronPython_Main\Util\IronPython\Microsoft.Scripting.Debugging.dll" />
      <DeploymentItem filename="C:\Users\Amichai\Documents\Visual Studio 2010\Projects\OpenPadProject\PadTest\bin\Debug\Antlr3.Runtime.dll" />
      <DeploymentItem filename="C:\Users\Amichai\Documents\Third Party Source\Iron Python\IronPython_Main\Util\IronPython\Microsoft.Dynamic.dll" />
      <DeploymentItem filename="C:\Users\Amichai\Documents\Visual Studio 2010\Projects\OpenPadProject\Value\bin\Debug\Value.dll" />
      <DeploymentItem filename="C:\Users\Amichai\Documents\Visual Studio 2010\Projects\OpenPadProject\packages\MathNet.Numerics.2011.4.17.0\lib\Net40\MathNet.Numerics.dll" />
      <DeploymentItem filename="C:\Users\Amichai\Documents\Visual Studio 2010\Projects\OpenPadProject\packages\zlib.net.1.0.3.0\lib\zlib.net.dll" />
      <DeploymentItem filename="C:\Users\Amichai\Documents\Visual Studio 2010\Projects\OpenPadProject\LoggingManager\bin\Debug\LoggingManager.dll" />
    </Deployment>
    <Execution>
      <TestTypeSpecific />
      <AgentRule name="Execution Agents">
      </AgentRule>
    </Execution>
  </TestSettings>
  <Times creation="2011-10-02T05:14:55.3715199-04:00" queuing="2011-10-02T05:14:57.7186542-04:00" start="2011-10-02T05:14:57.9696686-04:00" finish="2011-10-02T05:15:15.3706638-04:00" />
  <ResultSummary outcome="Error">
    <Counters total="10" executed="10" passed="9" error="0" failed="0" timeout="0" aborted="1" inconclusive="0" passedButRunAborted="0" notRunnable="0" notExecuted="0" disconnected="0" warning="0" completed="0" inProgress="0" pending="0" />
    <RunInfos>
      <RunInfo computerName="AMICHAI-PC" outcome="Error" timestamp="2011-10-02T05:15:15.3686637-04:00">
        <Text>Test host process exited unexpectedly.</Text>
      </RunInfo>
    </RunInfos>
  </ResultSummary>
  <TestDefinitions>
    <UnitTest name="op_SubtractionTest" storage="c:\users\amichai\documents\visual studio 2010\projects\openpadproject\padtest\bin\debug\padtest.dll" id="eccac256-4a35-dcb8-ca68-e5de022a71b7">
      <Execution id="f0a8a2ea-993d-4d95-ab9a-0dd6998b90e0" />
      <TestMethod codeBase="C:/Users/Amichai/Documents/Visual Studio 2010/Projects/OpenPadProject/PadTest/bin/Debug/PadTest.DLL" adapterTypeName="Microsoft.VisualStudio.TestTools.TestTypes.Unit.UnitTestAdapter, Microsoft.VisualStudio.QualityTools.Tips.UnitTest.Adapter, Version=10.0.0.0, Culture=neutral, PublicKeyToken=b03f5f7f11d50a3a" className="PadTest.DigitTest, PadTest, Version=1.0.0.0, Culture=neutral, PublicKeyToken=null" name="op_SubtractionTest" />
    </UnitTest>
    <UnitTest name="op_GreaterThanTest" storage="c:\users\amichai\documents\visual studio 2010\projects\openpadproject\padtest\bin\debug\padtest.dll" id="1e2732e3-0764-4a33-689b-c5f3fcba6f6f">
      <Execution id="d6ef1b0a-fc1d-4da7-adf7-5f060ef5aacf" />
      <TestMethod codeBase="C:/Users/Amichai/Documents/Visual Studio 2010/Projects/OpenPadProject/PadTest/bin/Debug/PadTest.DLL" adapterTypeName="Microsoft.VisualStudio.TestTools.TestTypes.Unit.UnitTestAdapter, Microsoft.VisualStudio.QualityTools.Tips.UnitTest.Adapter, Version=10.0.0.0, Culture=neutral, PublicKeyToken=b03f5f7f11d50a3a" className="PadTest.DigitTest, PadTest, Version=1.0.0.0, Culture=neutral, PublicKeyToken=null" name="op_GreaterThanTest" />
    </UnitTest>
    <UnitTest name="ConvertToPostFixedTest" storage="c:\users\amichai\documents\visual studio 2010\projects\openpadproject\padtest\bin\debug\padtest.dll" id="393e2fa0-e364-4f5b-3807-c50f946dec14">
      <Execution id="efe78d05-5d05-4c5d-8ff4-981b6e4d7326" />
      <TestMethod codeBase="C:/Users/Amichai/Documents/Visual Studio 2010/Projects/OpenPadProject/PadTest/bin/Debug/PadTest.DLL" adapterTypeName="Microsoft.VisualStudio.TestTools.TestTypes.Unit.UnitTestAdapter, Microsoft.VisualStudio.QualityTools.Tips.UnitTest.Adapter, Version=10.0.0.0, Culture=neutral, PublicKeyToken=b03f5f7f11d50a3a" className="PadTest.ShuntingYardTest, PadTest, Version=1.0.0.0, Culture=neutral, PublicKeyToken=null" name="ConvertToPostFixedTest" />
    </UnitTest>
    <UnitTest name="AddListOfTokensTest" storage="c:\users\amichai\documents\visual studio 2010\projects\openpadproject\padtest\bin\debug\padtest.dll" id="30e39a90-f3be-1660-60eb-861b64e1492d">
      <Execution id="05b23aa6-437d-4785-8f19-61e5c3f25557" />
      <TestMethod codeBase="C:/Users/Amichai/Documents/Visual Studio 2010/Projects/OpenPadProject/PadTest/bin/Debug/PadTest.DLL" adapterTypeName="Microsoft.VisualStudio.TestTools.TestTypes.Unit.UnitTestAdapter, Microsoft.VisualStudio.QualityTools.Tips.UnitTest.Adapter, Version=10.0.0.0, Culture=neutral, PublicKeyToken=b03f5f7f11d50a3a" className="PadTest.ParseTreeTest, PadTest, Version=1.0.0.0, Culture=neutral, PublicKeyToken=null" name="AddListOfTokensTest" />
    </UnitTest>
    <UnitTest name="ExpressionConstructorTest" storage="c:\users\amichai\documents\visual studio 2010\projects\openpadproject\padtest\bin\debug\padtest.dll" id="724b30c6-4d5d-08ba-f484-0761dfa59453">
      <Execution id="5a2c0e8d-c77b-4b01-b7ba-da903cadb9f5" />
      <TestMethod codeBase="C:/Users/Amichai/Documents/Visual Studio 2010/Projects/OpenPadProject/PadTest/bin/Debug/PadTest.DLL" adapterTypeName="Microsoft.VisualStudio.TestTools.TestTypes.Unit.UnitTestAdapter, Microsoft.VisualStudio.QualityTools.Tips.UnitTest.Adapter, Version=10.0.0.0, Culture=neutral, PublicKeyToken=b03f5f7f11d50a3a" className="PadTest.ExpressionTest, PadTest, Version=1.0.0.0, Culture=neutral, PublicKeyToken=null" name="ExpressionConstructorTest" />
    </UnitTest>
    <UnitTest name="SubtractTest" storage="c:\users\amichai\documents\visual studio 2010\projects\openpadproject\padtest\bin\debug\padtest.dll" id="09368185-db2c-a15d-bdf5-8b6a27ef9d97">
      <Execution id="d65a84ac-f97e-4ceb-aeac-e6d0a644e970" />
      <TestMethod codeBase="C:/Users/Amichai/Documents/Visual Studio 2010/Projects/OpenPadProject/PadTest/bin/Debug/PadTest.DLL" adapterTypeName="Microsoft.VisualStudio.TestTools.TestTypes.Unit.UnitTestAdapter, Microsoft.VisualStudio.QualityTools.Tips.UnitTest.Adapter, Version=10.0.0.0, Culture=neutral, PublicKeyToken=b03f5f7f11d50a3a" className="PadTest.IntegerTest, PadTest, Version=1.0.0.0, Culture=neutral, PublicKeyToken=null" name="SubtractTest" />
    </UnitTest>
    <UnitTest name="ExpressionConstructorTest1" storage="c:\users\amichai\documents\visual studio 2010\projects\openpadproject\padtest\bin\debug\padtest.dll" id="4b3f2016-7159-c757-9fd1-64975ab2a8a2">
      <Execution id="b5735401-30cb-4275-bf37-52215bfe5572" />
      <TestMethod codeBase="C:/Users/Amichai/Documents/Visual Studio 2010/Projects/OpenPadProject/PadTest/bin/Debug/PadTest.DLL" adapterTypeName="Microsoft.VisualStudio.TestTools.TestTypes.Unit.UnitTestAdapter, Microsoft.VisualStudio.QualityTools.Tips.UnitTest.Adapter, Version=10.0.0.0, Culture=neutral, PublicKeyToken=b03f5f7f11d50a3a" className="PadTest.ExpressionTest, PadTest, Version=1.0.0.0, Culture=neutral, PublicKeyToken=null" name="ExpressionConstructorTest1" />
    </UnitTest>
    <UnitTest name="op_InequalityTest" storage="c:\users\amichai\documents\visual studio 2010\projects\openpadproject\padtest\bin\debug\padtest.dll" id="88e07b22-dd2d-fec0-a158-aad12bbd393e">
      <Execution id="4602b127-aae2-4987-813d-9d5f14d7c93e" />
      <TestMethod codeBase="C:/Users/Amichai/Documents/Visual Studio 2010/Projects/OpenPadProject/PadTest/bin/Debug/PadTest.DLL" adapterTypeName="Microsoft.VisualStudio.TestTools.TestTypes.Unit.UnitTestAdapter, Microsoft.VisualStudio.QualityTools.Tips.UnitTest.Adapter, Version=10.0.0.0, Culture=neutral, PublicKeyToken=b03f5f7f11d50a3a" className="PadTest.DigitTest, PadTest, Version=1.0.0.0, Culture=neutral, PublicKeyToken=null" name="op_InequalityTest" />
    </UnitTest>
    <UnitTest name="AddTest" storage="c:\users\amichai\documents\visual studio 2010\projects\openpadproject\padtest\bin\debug\padtest.dll" id="a4fccabe-3919-a61c-ac73-4adbe89e1f22">
      <Execution id="98365a39-0855-4a1b-b642-78497aeb145e" />
      <TestMethod codeBase="C:/Users/Amichai/Documents/Visual Studio 2010/Projects/OpenPadProject/PadTest/bin/Debug/PadTest.DLL" adapterTypeName="Microsoft.VisualStudio.TestTools.TestTypes.Unit.UnitTestAdapter, Microsoft.VisualStudio.QualityTools.Tips.UnitTest.Adapter, Version=10.0.0.0, Culture=neutral, PublicKeyToken=b03f5f7f11d50a3a" className="PadTest.IntegerTest, PadTest, Version=1.0.0.0, Culture=neutral, PublicKeyToken=null" name="AddTest" />
    </UnitTest>
    <UnitTest name="op_LessThanTest" storage="c:\users\amichai\documents\visual studio 2010\projects\openpadproject\padtest\bin\debug\padtest.dll" id="db4afe4e-67e3-85e5-0f72-0195c0b93d18">
      <Execution id="62acac86-98b1-4568-bb1d-d83ae262d19a" />
      <TestMethod codeBase="C:/Users/Amichai/Documents/Visual Studio 2010/Projects/OpenPadProject/PadTest/bin/Debug/PadTest.DLL" adapterTypeName="Microsoft.VisualStudio.TestTools.TestTypes.Unit.UnitTestAdapter, Microsoft.VisualStudio.QualityTools.Tips.UnitTest.Adapter, Version=10.0.0.0, Culture=neutral, PublicKeyToken=b03f5f7f11d50a3a" className="PadTest.DigitTest, PadTest, Version=1.0.0.0, Culture=neutral, PublicKeyToken=null" name="op_LessThanTest" />
    </UnitTest>
  </TestDefinitions>
  <TestLists>
    <TestList name="Results Not in a List" id="8c84fa94-04c1-424b-9868-57a2d4851a1d" />
    <TestList name="All Loaded Results" id="19431567-8539-422a-85d7-44ee4e166bda" />
  </TestLists>
  <TestEntries>
    <TestEntry testId="30e39a90-f3be-1660-60eb-861b64e1492d" executionId="05b23aa6-437d-4785-8f19-61e5c3f25557" testListId="8c84fa94-04c1-424b-9868-57a2d4851a1d" />
    <TestEntry testId="393e2fa0-e364-4f5b-3807-c50f946dec14" executionId="efe78d05-5d05-4c5d-8ff4-981b6e4d7326" testListId="8c84fa94-04c1-424b-9868-57a2d4851a1d" />
    <TestEntry testId="724b30c6-4d5d-08ba-f484-0761dfa59453" executionId="5a2c0e8d-c77b-4b01-b7ba-da903cadb9f5" testListId="8c84fa94-04c1-424b-9868-57a2d4851a1d" />
    <TestEntry testId="4b3f2016-7159-c757-9fd1-64975ab2a8a2" executionId="b5735401-30cb-4275-bf37-52215bfe5572" testListId="8c84fa94-04c1-424b-9868-57a2d4851a1d" />
    <TestEntry testId="a4fccabe-3919-a61c-ac73-4adbe89e1f22" executionId="98365a39-0855-4a1b-b642-78497aeb145e" testListId="8c84fa94-04c1-424b-9868-57a2d4851a1d" />
    <TestEntry testId="eccac256-4a35-dcb8-ca68-e5de022a71b7" executionId="f0a8a2ea-993d-4d95-ab9a-0dd6998b90e0" testListId="8c84fa94-04c1-424b-9868-57a2d4851a1d" />
    <TestEntry testId="88e07b22-dd2d-fec0-a158-aad12bbd393e" executionId="4602b127-aae2-4987-813d-9d5f14d7c93e" testListId="8c84fa94-04c1-424b-9868-57a2d4851a1d" />
    <TestEntry testId="db4afe4e-67e3-85e5-0f72-0195c0b93d18" executionId="62acac86-98b1-4568-bb1d-d83ae262d19a" testListId="8c84fa94-04c1-424b-9868-57a2d4851a1d" />
    <TestEntry testId="1e2732e3-0764-4a33-689b-c5f3fcba6f6f" executionId="d6ef1b0a-fc1d-4da7-adf7-5f060ef5aacf" testListId="8c84fa94-04c1-424b-9868-57a2d4851a1d" />
    <TestEntry testId="09368185-db2c-a15d-bdf5-8b6a27ef9d97" executionId="d65a84ac-f97e-4ceb-aeac-e6d0a644e970" testListId="8c84fa94-04c1-424b-9868-57a2d4851a1d" />
  </TestEntries>
  <Results>
    <UnitTestResult executionId="05b23aa6-437d-4785-8f19-61e5c3f25557" testId="30e39a90-f3be-1660-60eb-861b64e1492d" testName="AddListOfTokensTest" computerName="AMICHAI-PC" duration="00:00:00.2070332" startTime="2011-10-02T05:14:58.1956815-04:00" endTime="2011-10-02T05:15:00.6558222-04:00" testType="13cdc9d9-ddb5-4fa4-a97d-d965ccfc6d4b" outcome="Passed" testListId="8c84fa94-04c1-424b-9868-57a2d4851a1d" relativeResultsDirectory="05b23aa6-437d-4785-8f19-61e5c3f25557">
      <Output>
        <DebugTrace> | Tan [-0.84077125540276]
 | \ + [37]
 |   | * [25]
 |   | | + [-5]
 |   | | | * [-9]
 |   | | | | 3
 |   | | | \ -3
 |   | | \ 4
 |   | \ -5
 |   \ * [12]
 |     | 4
 |     \ 3

</DebugTrace>
      </Output>
    </UnitTestResult>
    <UnitTestResult executionId="efe78d05-5d05-4c5d-8ff4-981b6e4d7326" testId="393e2fa0-e364-4f5b-3807-c50f946dec14" testName="ConvertToPostFixedTest" computerName="AMICHAI-PC" duration="00:00:00.0036267" startTime="2011-10-02T05:15:00.6798236-04:00" endTime="2011-10-02T05:15:00.7138255-04:00" testType="13cdc9d9-ddb5-4fa4-a97d-d965ccfc6d4b" outcome="Passed" testListId="8c84fa94-04c1-424b-9868-57a2d4851a1d" relativeResultsDirectory="efe78d05-5d05-4c5d-8ff4-981b6e4d7326">
    </UnitTestResult>
    <UnitTestResult executionId="5a2c0e8d-c77b-4b01-b7ba-da903cadb9f5" testId="724b30c6-4d5d-08ba-f484-0761dfa59453" testName="ExpressionConstructorTest" computerName="AMICHAI-PC" duration="00:00:00.0045930" startTime="2011-10-02T05:15:00.7368268-04:00" endTime="2011-10-02T05:15:00.7608282-04:00" testType="13cdc9d9-ddb5-4fa4-a97d-d965ccfc6d4b" outcome="Passed" testListId="8c84fa94-04c1-424b-9868-57a2d4851a1d" relativeResultsDirectory="5a2c0e8d-c77b-4b01-b7ba-da903cadb9f5">
    </UnitTestResult>
    <UnitTestResult executionId="b5735401-30cb-4275-bf37-52215bfe5572" testId="4b3f2016-7159-c757-9fd1-64975ab2a8a2" testName="ExpressionConstructorTest1" computerName="AMICHAI-PC" duration="00:00:00.0009725" startTime="2011-10-02T05:15:00.7708288-04:00" endTime="2011-10-02T05:15:00.7838295-04:00" testType="13cdc9d9-ddb5-4fa4-a97d-d965ccfc6d4b" outcome="Passed" testListId="8c84fa94-04c1-424b-9868-57a2d4851a1d" relativeResultsDirectory="b5735401-30cb-4275-bf37-52215bfe5572">
    </UnitTestResult>
    <UnitTestResult executionId="98365a39-0855-4a1b-b642-78497aeb145e" testId="a4fccabe-3919-a61c-ac73-4adbe89e1f22" testName="AddTest" computerName="AMICHAI-PC" duration="00:00:00.0265602" startTime="2011-10-02T05:15:00.7988304-04:00" endTime="2011-10-02T05:15:00.8358325-04:00" testType="13cdc9d9-ddb5-4fa4-a97d-d965ccfc6d4b" outcome="Passed" testListId="8c84fa94-04c1-424b-9868-57a2d4851a1d" relativeResultsDirectory="98365a39-0855-4a1b-b642-78497aeb145e">
    </UnitTestResult>
    <UnitTestResult executionId="f0a8a2ea-993d-4d95-ab9a-0dd6998b90e0" testId="eccac256-4a35-dcb8-ca68-e5de022a71b7" testName="op_SubtractionTest" computerName="AMICHAI-PC" duration="00:00:00.0066400" startTime="2011-10-02T05:15:00.8578337-04:00" endTime="2011-10-02T05:15:00.8808351-04:00" testType="13cdc9d9-ddb5-4fa4-a97d-d965ccfc6d4b" outcome="Passed" testListId="8c84fa94-04c1-424b-9868-57a2d4851a1d" relativeResultsDirectory="f0a8a2ea-993d-4d95-ab9a-0dd6998b90e0">
    </UnitTestResult>
    <UnitTestResult executionId="4602b127-aae2-4987-813d-9d5f14d7c93e" testId="88e07b22-dd2d-fec0-a158-aad12bbd393e" testName="op_InequalityTest" computerName="AMICHAI-PC" duration="00:00:00.0003608" startTime="2011-10-02T05:15:00.8918357-04:00" endTime="2011-10-02T05:15:00.9058365-04:00" testType="13cdc9d9-ddb5-4fa4-a97d-d965ccfc6d4b" outcome="Passed" testListId="8c84fa94-04c1-424b-9868-57a2d4851a1d" relativeResultsDirectory="4602b127-aae2-4987-813d-9d5f14d7c93e">
    </UnitTestResult>
    <UnitTestResult executionId="62acac86-98b1-4568-bb1d-d83ae262d19a" testId="db4afe4e-67e3-85e5-0f72-0195c0b93d18" testName="op_LessThanTest" computerName="AMICHAI-PC" duration="00:00:00.0006577" startTime="2011-10-02T05:15:00.9108368-04:00" endTime="2011-10-02T05:15:00.9278378-04:00" testType="13cdc9d9-ddb5-4fa4-a97d-d965ccfc6d4b" outcome="Passed" testListId="8c84fa94-04c1-424b-9868-57a2d4851a1d" relativeResultsDirectory="62acac86-98b1-4568-bb1d-d83ae262d19a">
    </UnitTestResult>
    <UnitTestResult executionId="d6ef1b0a-fc1d-4da7-adf7-5f060ef5aacf" testId="1e2732e3-0764-4a33-689b-c5f3fcba6f6f" testName="op_GreaterThanTest" computerName="AMICHAI-PC" duration="00:00:00.0005841" startTime="2011-10-02T05:15:00.9408385-04:00" endTime="2011-10-02T05:15:00.9548393-04:00" testType="13cdc9d9-ddb5-4fa4-a97d-d965ccfc6d4b" outcome="Passed" testListId="8c84fa94-04c1-424b-9868-57a2d4851a1d" relativeResultsDirectory="d6ef1b0a-fc1d-4da7-adf7-5f060ef5aacf">
    </UnitTestResult>
    <UnitTestResult executionId="d65a84ac-f97e-4ceb-aeac-e6d0a644e970" testId="09368185-db2c-a15d-bdf5-8b6a27ef9d97" testName="SubtractTest" computerName="AMICHAI-PC" duration="00:00:14.4048239" startTime="2011-10-02T05:15:00.9658399-04:00" endTime="2011-10-02T05:15:15.3706638-04:00" testType="13cdc9d9-ddb5-4fa4-a97d-d965ccfc6d4b" outcome="Aborted" testListId="8c84fa94-04c1-424b-9868-57a2d4851a1d" relativeResultsDirectory="d65a84ac-f97e-4ceb-aeac-e6d0a644e970">
    </UnitTestResult>
  </Results>
</TestRun>