<?xml version="1.0" encoding="UTF-8"?>
<TestRun id="8da42588-17dd-44e4-872a-b565c6e68a5d" name="Amichai@AMICHAI-PC 2011-10-02 05:51:23" runUser="Amichai-PC\Amichai" xmlns="http://microsoft.com/schemas/VisualStudio/TeamTest/2010">
  <TestSettings name="Local" id="bb597171-1561-43ed-9511-ba019d5c2667">
    <Description>These are default test settings for a local test run.</Description>
    <Deployment enabled="false" runDeploymentRoot="Amichai_AMICHAI-PC 2011-10-02 05_51_23">
      <DeploymentItem filename="C:\Users\Amichai\Documents\Visual Studio 2010\Projects\RandomWalker\packages\morelinq.1.0\lib\net35\MoreLinq.dll" />
      <DeploymentItem filename="C:\Users\Amichai\Documents\Visual Studio 2010\Projects\OpenPadProject\Common\bin\Debug\Common.dll" />
      <DeploymentItem filename="C:\Users\Amichai\Documents\Third Party Source\Iron Python\IronPython_Main\Util\IronPython\IronPython.dll" />
      <DeploymentItem filename="C:\Users\Amichai\Documents\Visual Studio 2010\Projects\OpenPadProject\MessageHandling\bin\Debug\MessageHandling.dll" />
      <DeploymentItem filename="C:\Users\Amichai\Documents\Visual Studio 2010\Projects\OpenPadProject\Compiler\bin\Debug\Compiler.dll" />
      <DeploymentItem filename="C:\Users\Amichai\Documents\Third Party Source\Iron Python\IronPython_Main\Util\IronPython\Microsoft.Scripting.dll" />
      <DeploymentItem filename="C:\Users\Amichai\Documents\Third Party Source\Iron Python\IronPython_Main\Util\IronPython\IronPython.Modules.dll" />
      <DeploymentItem filename="C:\Users\Amichai\Documents\Third Party Source\Iron Python\IronPython_Main\Util\IronRuby\bin\Microsoft.Scripting.Core.dll" />
      <DeploymentItem filename="C:\Users\Amichai\Documents\Third Party Source\Iron Python\IronPython_Main\Util\IronPython\Microsoft.Scripting.Debugging.dll" />
      <DeploymentItem filename="C:\Users\Amichai\Documents\Visual Studio 2010\Projects\OpenPadProject\PadTest\bin\Debug\Antlr3.Runtime.dll" />
      <DeploymentItem filename="C:\Users\Amichai\Documents\Third Party Source\Iron Python\IronPython_Main\Util\IronPython\Microsoft.Dynamic.dll" />
      <DeploymentItem filename="C:\Users\Amichai\Documents\Visual Studio 2010\Projects\OpenPadProject\Value\bin\Debug\Value.dll" />
      <DeploymentItem filename="C:\Users\Amichai\Documents\Visual Studio 2010\Projects\OpenPadProject\packages\MathNet.Numerics.2011.4.17.0\lib\Net40\MathNet.Numerics.dll" />
      <DeploymentItem filename="C:\Users\Amichai\Documents\Visual Studio 2010\Projects\OpenPadProject\packages\zlib.net.1.0.3.0\lib\zlib.net.dll" />
      <DeploymentItem filename="C:\Users\Amichai\Documents\Visual Studio 2010\Projects\OpenPadProject\LoggingManager\bin\Debug\LoggingManager.dll" />
    </Deployment>
    <Execution>
      <TestTypeSpecific />
      <AgentRule name="Execution Agents">
      </AgentRule>
    </Execution>
  </TestSettings>
  <Times creation="2011-10-02T05:51:23.6796840-04:00" queuing="2011-10-02T05:51:26.2588315-04:00" start="2011-10-02T05:51:26.4558428-04:00" finish="2011-10-02T05:52:03.8909840-04:00" />
  <ResultSummary outcome="Error">
    <Counters total="10" executed="10" passed="9" error="0" failed="0" timeout="0" aborted="1" inconclusive="0" passedButRunAborted="0" notRunnable="0" notExecuted="0" disconnected="0" warning="0" completed="0" inProgress="0" pending="0" />
    <RunInfos>
      <RunInfo computerName="AMICHAI-PC" outcome="Error" timestamp="2011-10-02T05:52:03.8869837-04:00">
        <Text>Test host process exited unexpectedly.</Text>
      </RunInfo>
    </RunInfos>
  </ResultSummary>
  <TestDefinitions>
    <UnitTest name="op_SubtractionTest" storage="c:\users\amichai\documents\visual studio 2010\projects\openpadproject\padtest\bin\debug\padtest.dll" id="eccac256-4a35-dcb8-ca68-e5de022a71b7">
      <Execution id="315b080c-de50-4053-b8d5-b71d5f21ca4c" />
      <TestMethod codeBase="C:/Users/Amichai/Documents/Visual Studio 2010/Projects/OpenPadProject/PadTest/bin/Debug/PadTest.DLL" adapterTypeName="Microsoft.VisualStudio.TestTools.TestTypes.Unit.UnitTestAdapter, Microsoft.VisualStudio.QualityTools.Tips.UnitTest.Adapter, Version=10.0.0.0, Culture=neutral, PublicKeyToken=b03f5f7f11d50a3a" className="PadTest.DigitTest, PadTest, Version=1.0.0.0, Culture=neutral, PublicKeyToken=null" name="op_SubtractionTest" />
    </UnitTest>
    <UnitTest name="op_GreaterThanTest" storage="c:\users\amichai\documents\visual studio 2010\projects\openpadproject\padtest\bin\debug\padtest.dll" id="1e2732e3-0764-4a33-689b-c5f3fcba6f6f">
      <Execution id="f759f3b6-825b-47ab-a6e7-feec107fa7be" />
      <TestMethod codeBase="C:/Users/Amichai/Documents/Visual Studio 2010/Projects/OpenPadProject/PadTest/bin/Debug/PadTest.DLL" adapterTypeName="Microsoft.VisualStudio.TestTools.TestTypes.Unit.UnitTestAdapter, Microsoft.VisualStudio.QualityTools.Tips.UnitTest.Adapter, Version=10.0.0.0, Culture=neutral, PublicKeyToken=b03f5f7f11d50a3a" className="PadTest.DigitTest, PadTest, Version=1.0.0.0, Culture=neutral, PublicKeyToken=null" name="op_GreaterThanTest" />
    </UnitTest>
    <UnitTest name="ConvertToPostFixedTest" storage="c:\users\amichai\documents\visual studio 2010\projects\openpadproject\padtest\bin\debug\padtest.dll" id="393e2fa0-e364-4f5b-3807-c50f946dec14">
      <Execution id="97b9be4f-a2e7-4905-af73-998d450aa44d" />
      <TestMethod codeBase="C:/Users/Amichai/Documents/Visual Studio 2010/Projects/OpenPadProject/PadTest/bin/Debug/PadTest.DLL" adapterTypeName="Microsoft.VisualStudio.TestTools.TestTypes.Unit.UnitTestAdapter, Microsoft.VisualStudio.QualityTools.Tips.UnitTest.Adapter, Version=10.0.0.0, Culture=neutral, PublicKeyToken=b03f5f7f11d50a3a" className="PadTest.ShuntingYardTest, PadTest, Version=1.0.0.0, Culture=neutral, PublicKeyToken=null" name="ConvertToPostFixedTest" />
    </UnitTest>
    <UnitTest name="AddListOfTokensTest" storage="c:\users\amichai\documents\visual studio 2010\projects\openpadproject\padtest\bin\debug\padtest.dll" id="30e39a90-f3be-1660-60eb-861b64e1492d">
      <Execution id="52b45e77-44ba-48d2-96ae-36cc024af5f5" />
      <TestMethod codeBase="C:/Users/Amichai/Documents/Visual Studio 2010/Projects/OpenPadProject/PadTest/bin/Debug/PadTest.DLL" adapterTypeName="Microsoft.VisualStudio.TestTools.TestTypes.Unit.UnitTestAdapter, Microsoft.VisualStudio.QualityTools.Tips.UnitTest.Adapter, Version=10.0.0.0, Culture=neutral, PublicKeyToken=b03f5f7f11d50a3a" className="PadTest.ParseTreeTest, PadTest, Version=1.0.0.0, Culture=neutral, PublicKeyToken=null" name="AddListOfTokensTest" />
    </UnitTest>
    <UnitTest name="ExpressionConstructorTest" storage="c:\users\amichai\documents\visual studio 2010\projects\openpadproject\padtest\bin\debug\padtest.dll" id="724b30c6-4d5d-08ba-f484-0761dfa59453">
      <Execution id="34036b16-de6a-423f-851b-e67171f09f3e" />
      <TestMethod codeBase="C:/Users/Amichai/Documents/Visual Studio 2010/Projects/OpenPadProject/PadTest/bin/Debug/PadTest.DLL" adapterTypeName="Microsoft.VisualStudio.TestTools.TestTypes.Unit.UnitTestAdapter, Microsoft.VisualStudio.QualityTools.Tips.UnitTest.Adapter, Version=10.0.0.0, Culture=neutral, PublicKeyToken=b03f5f7f11d50a3a" className="PadTest.ExpressionTest, PadTest, Version=1.0.0.0, Culture=neutral, PublicKeyToken=null" name="ExpressionConstructorTest" />
    </UnitTest>
    <UnitTest name="SubtractTest" storage="c:\users\amichai\documents\visual studio 2010\projects\openpadproject\padtest\bin\debug\padtest.dll" id="09368185-db2c-a15d-bdf5-8b6a27ef9d97">
      <Execution id="28e4b20d-ceba-4ffd-9860-82abefadf195" />
      <TestMethod codeBase="C:/Users/Amichai/Documents/Visual Studio 2010/Projects/OpenPadProject/PadTest/bin/Debug/PadTest.DLL" adapterTypeName="Microsoft.VisualStudio.TestTools.TestTypes.Unit.UnitTestAdapter, Microsoft.VisualStudio.QualityTools.Tips.UnitTest.Adapter, Version=10.0.0.0, Culture=neutral, PublicKeyToken=b03f5f7f11d50a3a" className="PadTest.IntegerTest, PadTest, Version=1.0.0.0, Culture=neutral, PublicKeyToken=null" name="SubtractTest" />
    </UnitTest>
    <UnitTest name="ExpressionConstructorTest1" storage="c:\users\amichai\documents\visual studio 2010\projects\openpadproject\padtest\bin\debug\padtest.dll" id="4b3f2016-7159-c757-9fd1-64975ab2a8a2">
      <Execution id="c10eb555-ca1b-480d-9dd1-0fce882732cd" />
      <TestMethod codeBase="C:/Users/Amichai/Documents/Visual Studio 2010/Projects/OpenPadProject/PadTest/bin/Debug/PadTest.DLL" adapterTypeName="Microsoft.VisualStudio.TestTools.TestTypes.Unit.UnitTestAdapter, Microsoft.VisualStudio.QualityTools.Tips.UnitTest.Adapter, Version=10.0.0.0, Culture=neutral, PublicKeyToken=b03f5f7f11d50a3a" className="PadTest.ExpressionTest, PadTest, Version=1.0.0.0, Culture=neutral, PublicKeyToken=null" name="ExpressionConstructorTest1" />
    </UnitTest>
    <UnitTest name="op_InequalityTest" storage="c:\users\amichai\documents\visual studio 2010\projects\openpadproject\padtest\bin\debug\padtest.dll" id="88e07b22-dd2d-fec0-a158-aad12bbd393e">
      <Execution id="b1cd968e-57d3-4251-a192-a42d9e0b6e1b" />
      <TestMethod codeBase="C:/Users/Amichai/Documents/Visual Studio 2010/Projects/OpenPadProject/PadTest/bin/Debug/PadTest.DLL" adapterTypeName="Microsoft.VisualStudio.TestTools.TestTypes.Unit.UnitTestAdapter, Microsoft.VisualStudio.QualityTools.Tips.UnitTest.Adapter, Version=10.0.0.0, Culture=neutral, PublicKeyToken=b03f5f7f11d50a3a" className="PadTest.DigitTest, PadTest, Version=1.0.0.0, Culture=neutral, PublicKeyToken=null" name="op_InequalityTest" />
    </UnitTest>
    <UnitTest name="AddTest" storage="c:\users\amichai\documents\visual studio 2010\projects\openpadproject\padtest\bin\debug\padtest.dll" id="a4fccabe-3919-a61c-ac73-4adbe89e1f22">
      <Execution id="33813b11-40ce-42f1-8563-96646902e133" />
      <TestMethod codeBase="C:/Users/Amichai/Documents/Visual Studio 2010/Projects/OpenPadProject/PadTest/bin/Debug/PadTest.DLL" adapterTypeName="Microsoft.VisualStudio.TestTools.TestTypes.Unit.UnitTestAdapter, Microsoft.VisualStudio.QualityTools.Tips.UnitTest.Adapter, Version=10.0.0.0, Culture=neutral, PublicKeyToken=b03f5f7f11d50a3a" className="PadTest.IntegerTest, PadTest, Version=1.0.0.0, Culture=neutral, PublicKeyToken=null" name="AddTest" />
    </UnitTest>
    <UnitTest name="op_LessThanTest" storage="c:\users\amichai\documents\visual studio 2010\projects\openpadproject\padtest\bin\debug\padtest.dll" id="db4afe4e-67e3-85e5-0f72-0195c0b93d18">
      <Execution id="7f41477d-0fb3-4de6-97cd-569e5e48625d" />
      <TestMethod codeBase="C:/Users/Amichai/Documents/Visual Studio 2010/Projects/OpenPadProject/PadTest/bin/Debug/PadTest.DLL" adapterTypeName="Microsoft.VisualStudio.TestTools.TestTypes.Unit.UnitTestAdapter, Microsoft.VisualStudio.QualityTools.Tips.UnitTest.Adapter, Version=10.0.0.0, Culture=neutral, PublicKeyToken=b03f5f7f11d50a3a" className="PadTest.DigitTest, PadTest, Version=1.0.0.0, Culture=neutral, PublicKeyToken=null" name="op_LessThanTest" />
    </UnitTest>
  </TestDefinitions>
  <TestLists>
    <TestList name="Results Not in a List" id="8c84fa94-04c1-424b-9868-57a2d4851a1d" />
    <TestList name="All Loaded Results" id="19431567-8539-422a-85d7-44ee4e166bda" />
  </TestLists>
  <TestEntries>
    <TestEntry testId="30e39a90-f3be-1660-60eb-861b64e1492d" executionId="52b45e77-44ba-48d2-96ae-36cc024af5f5" testListId="8c84fa94-04c1-424b-9868-57a2d4851a1d" />
    <TestEntry testId="393e2fa0-e364-4f5b-3807-c50f946dec14" executionId="97b9be4f-a2e7-4905-af73-998d450aa44d" testListId="8c84fa94-04c1-424b-9868-57a2d4851a1d" />
    <TestEntry testId="724b30c6-4d5d-08ba-f484-0761dfa59453" executionId="34036b16-de6a-423f-851b-e67171f09f3e" testListId="8c84fa94-04c1-424b-9868-57a2d4851a1d" />
    <TestEntry testId="4b3f2016-7159-c757-9fd1-64975ab2a8a2" executionId="c10eb555-ca1b-480d-9dd1-0fce882732cd" testListId="8c84fa94-04c1-424b-9868-57a2d4851a1d" />
    <TestEntry testId="a4fccabe-3919-a61c-ac73-4adbe89e1f22" executionId="33813b11-40ce-42f1-8563-96646902e133" testListId="8c84fa94-04c1-424b-9868-57a2d4851a1d" />
    <TestEntry testId="eccac256-4a35-dcb8-ca68-e5de022a71b7" executionId="315b080c-de50-4053-b8d5-b71d5f21ca4c" testListId="8c84fa94-04c1-424b-9868-57a2d4851a1d" />
    <TestEntry testId="88e07b22-dd2d-fec0-a158-aad12bbd393e" executionId="b1cd968e-57d3-4251-a192-a42d9e0b6e1b" testListId="8c84fa94-04c1-424b-9868-57a2d4851a1d" />
    <TestEntry testId="db4afe4e-67e3-85e5-0f72-0195c0b93d18" executionId="7f41477d-0fb3-4de6-97cd-569e5e48625d" testListId="8c84fa94-04c1-424b-9868-57a2d4851a1d" />
    <TestEntry testId="1e2732e3-0764-4a33-689b-c5f3fcba6f6f" executionId="f759f3b6-825b-47ab-a6e7-feec107fa7be" testListId="8c84fa94-04c1-424b-9868-57a2d4851a1d" />
    <TestEntry testId="09368185-db2c-a15d-bdf5-8b6a27ef9d97" executionId="28e4b20d-ceba-4ffd-9860-82abefadf195" testListId="8c84fa94-04c1-424b-9868-57a2d4851a1d" />
  </TestEntries>
  <Results>
    <UnitTestResult executionId="52b45e77-44ba-48d2-96ae-36cc024af5f5" testId="30e39a90-f3be-1660-60eb-861b64e1492d" testName="AddListOfTokensTest" computerName="AMICHAI-PC" duration="00:00:00.1245082" startTime="2011-10-02T05:51:26.6528541-04:00" endTime="2011-10-02T05:51:29.1639977-04:00" testType="13cdc9d9-ddb5-4fa4-a97d-d965ccfc6d4b" outcome="Passed" testListId="8c84fa94-04c1-424b-9868-57a2d4851a1d" relativeResultsDirectory="52b45e77-44ba-48d2-96ae-36cc024af5f5">
      <Output>
        <DebugTrace> | Tan [-0.84077125540276]
 | \ + [37]
 |   | * [25]
 |   | | + [-5]
 |   | | | * [-9]
 |   | | | | 3
 |   | | | \ -3
 |   | | \ 4
 |   | \ -5
 |   \ * [12]
 |     | 4
 |     \ 3

</DebugTrace>
      </Output>
    </UnitTestResult>
    <UnitTestResult executionId="97b9be4f-a2e7-4905-af73-998d450aa44d" testId="393e2fa0-e364-4f5b-3807-c50f946dec14" testName="ConvertToPostFixedTest" computerName="AMICHAI-PC" duration="00:00:00.0025133" startTime="2011-10-02T05:51:29.1759984-04:00" endTime="2011-10-02T05:51:29.2009998-04:00" testType="13cdc9d9-ddb5-4fa4-a97d-d965ccfc6d4b" outcome="Passed" testListId="8c84fa94-04c1-424b-9868-57a2d4851a1d" relativeResultsDirectory="97b9be4f-a2e7-4905-af73-998d450aa44d">
    </UnitTestResult>
    <UnitTestResult executionId="34036b16-de6a-423f-851b-e67171f09f3e" testId="724b30c6-4d5d-08ba-f484-0761dfa59453" testName="ExpressionConstructorTest" computerName="AMICHAI-PC" duration="00:00:00.0044635" startTime="2011-10-02T05:51:29.2130005-04:00" endTime="2011-10-02T05:51:29.2340017-04:00" testType="13cdc9d9-ddb5-4fa4-a97d-d965ccfc6d4b" outcome="Passed" testListId="8c84fa94-04c1-424b-9868-57a2d4851a1d" relativeResultsDirectory="34036b16-de6a-423f-851b-e67171f09f3e">
    </UnitTestResult>
    <UnitTestResult executionId="c10eb555-ca1b-480d-9dd1-0fce882732cd" testId="4b3f2016-7159-c757-9fd1-64975ab2a8a2" testName="ExpressionConstructorTest1" computerName="AMICHAI-PC" duration="00:00:00.0010085" startTime="2011-10-02T05:51:29.2470024-04:00" endTime="2011-10-02T05:51:29.2620033-04:00" testType="13cdc9d9-ddb5-4fa4-a97d-d965ccfc6d4b" outcome="Passed" testListId="8c84fa94-04c1-424b-9868-57a2d4851a1d" relativeResultsDirectory="c10eb555-ca1b-480d-9dd1-0fce882732cd">
    </UnitTestResult>
    <UnitTestResult executionId="33813b11-40ce-42f1-8563-96646902e133" testId="a4fccabe-3919-a61c-ac73-4adbe89e1f22" testName="AddTest" computerName="AMICHAI-PC" duration="00:00:00.0207266" startTime="2011-10-02T05:51:29.2680036-04:00" endTime="2011-10-02T05:51:29.3000055-04:00" testType="13cdc9d9-ddb5-4fa4-a97d-d965ccfc6d4b" outcome="Passed" testListId="8c84fa94-04c1-424b-9868-57a2d4851a1d" relativeResultsDirectory="33813b11-40ce-42f1-8563-96646902e133">
    </UnitTestResult>
    <UnitTestResult executionId="315b080c-de50-4053-b8d5-b71d5f21ca4c" testId="eccac256-4a35-dcb8-ca68-e5de022a71b7" testName="op_SubtractionTest" computerName="AMICHAI-PC" duration="00:00:00.0056454" startTime="2011-10-02T05:51:29.3080059-04:00" endTime="2011-10-02T05:51:29.3260070-04:00" testType="13cdc9d9-ddb5-4fa4-a97d-d965ccfc6d4b" outcome="Passed" testListId="8c84fa94-04c1-424b-9868-57a2d4851a1d" relativeResultsDirectory="315b080c-de50-4053-b8d5-b71d5f21ca4c">
    </UnitTestResult>
    <UnitTestResult executionId="b1cd968e-57d3-4251-a192-a42d9e0b6e1b" testId="88e07b22-dd2d-fec0-a158-aad12bbd393e" testName="op_InequalityTest" computerName="AMICHAI-PC" duration="00:00:00.0004619" startTime="2011-10-02T05:51:29.3320073-04:00" endTime="2011-10-02T05:51:29.3550086-04:00" testType="13cdc9d9-ddb5-4fa4-a97d-d965ccfc6d4b" outcome="Passed" testListId="8c84fa94-04c1-424b-9868-57a2d4851a1d" relativeResultsDirectory="b1cd968e-57d3-4251-a192-a42d9e0b6e1b">
    </UnitTestResult>
    <UnitTestResult executionId="7f41477d-0fb3-4de6-97cd-569e5e48625d" testId="db4afe4e-67e3-85e5-0f72-0195c0b93d18" testName="op_LessThanTest" computerName="AMICHAI-PC" duration="00:00:00.0006592" startTime="2011-10-02T05:51:29.3620090-04:00" endTime="2011-10-02T05:51:29.3760098-04:00" testType="13cdc9d9-ddb5-4fa4-a97d-d965ccfc6d4b" outcome="Passed" testListId="8c84fa94-04c1-424b-9868-57a2d4851a1d" relativeResultsDirectory="7f41477d-0fb3-4de6-97cd-569e5e48625d">
    </UnitTestResult>
    <UnitTestResult executionId="f759f3b6-825b-47ab-a6e7-feec107fa7be" testId="1e2732e3-0764-4a33-689b-c5f3fcba6f6f" testName="op_GreaterThanTest" computerName="AMICHAI-PC" duration="00:00:00.0004157" startTime="2011-10-02T05:51:29.3840103-04:00" endTime="2011-10-02T05:51:29.3970110-04:00" testType="13cdc9d9-ddb5-4fa4-a97d-d965ccfc6d4b" outcome="Passed" testListId="8c84fa94-04c1-424b-9868-57a2d4851a1d" relativeResultsDirectory="f759f3b6-825b-47ab-a6e7-feec107fa7be">
    </UnitTestResult>
    <UnitTestResult executionId="28e4b20d-ceba-4ffd-9860-82abefadf195" testId="09368185-db2c-a15d-bdf5-8b6a27ef9d97" testName="SubtractTest" computerName="AMICHAI-PC" duration="00:00:34.4869725" startTime="2011-10-02T05:51:29.4030114-04:00" endTime="2011-10-02T05:52:03.8899839-04:00" testType="13cdc9d9-ddb5-4fa4-a97d-d965ccfc6d4b" outcome="Aborted" testListId="8c84fa94-04c1-424b-9868-57a2d4851a1d" relativeResultsDirectory="28e4b20d-ceba-4ffd-9860-82abefadf195">
    </UnitTestResult>
  </Results>
</TestRun>