<?xml version="1.0" encoding="UTF-8"?>
<TestRun id="2e505800-e86a-403e-9b0c-c7607e2d41bf" name="Amichai@AMICHAI-PC 2011-08-28 06:04:29" runUser="Amichai-PC\Amichai" xmlns="http://microsoft.com/schemas/VisualStudio/TeamTest/2010">
  <TestSettings name="Local" id="bb597171-1561-43ed-9511-ba019d5c2667">
    <Description>These are default test settings for a local test run.</Description>
    <Deployment enabled="false" runDeploymentRoot="Amichai_AMICHAI-PC 2011-08-28 06_04_29">
      <DeploymentItem filename="C:\Users\Amichai\Documents\Visual Studio 2010\Projects\OpenPadProject\packages\Antlr.3.1.3.42154\lib\Antlr3.Runtime.dll" />
      <DeploymentItem filename="C:\Users\Amichai\Documents\Visual Studio 2010\Projects\OpenPadProject\packages\IronRuby.1.1.3\Lib\IronRuby.Libraries.Yaml.dll" />
      <DeploymentItem filename="C:\Users\Amichai\Documents\Third Party Source\Iron Python\IronPython_Main\Util\IronPython\IronPython.dll" />
      <DeploymentItem filename="C:\Users\Amichai\Documents\Visual Studio 2010\Projects\OpenPadProject\MessageHandling\bin\Debug\MessageHandling.dll" />
      <DeploymentItem filename="C:\Users\Amichai\Documents\Third Party Source\Iron Python\IronPython_Main\Util\IronPython\Microsoft.Scripting.dll" />
      <DeploymentItem filename="C:\Users\Amichai\Documents\Third Party Source\Iron Python\IronPython_Main\Util\IronPython\IronPython.Modules.dll" />
      <DeploymentItem filename="C:\Users\Amichai\Documents\Third Party Source\Iron Python\IronPython_Main\Util\IronRuby\bin\Microsoft.Scripting.Core.dll" />
      <DeploymentItem filename="C:\Users\Amichai\Documents\Visual Studio 2010\Projects\OpenPadProject\packages\IronRuby.1.1.3\Lib\IronRuby.dll" />
      <DeploymentItem filename="C:\Users\Amichai\Documents\Third Party Source\Iron Python\IronPython_Main\Util\IronPython\Microsoft.Scripting.Debugging.dll" />
      <DeploymentItem filename="C:\Users\Amichai\Documents\Visual Studio 2010\Projects\OpenPadProject\Compiler\bin\Debug\Compiler.dll" />
      <DeploymentItem filename="C:\Users\Amichai\Documents\Third Party Source\Iron Python\IronPython_Main\Util\IronPython\Microsoft.Dynamic.dll" />
      <DeploymentItem filename="C:\Users\Amichai\Documents\Visual Studio 2010\Projects\OpenPadProject\packages\IronRuby.1.1.3\Lib\IronRuby.Libraries.dll" />
      <DeploymentItem filename="C:\Users\Amichai\Documents\Visual Studio 2010\Projects\OpenPadProject\packages\IronRuby.1.1.3\Lib\Microsoft.Scripting.Metadata.dll" />
    </Deployment>
    <Execution>
      <TestTypeSpecific />
      <AgentRule name="Execution Agents">
      </AgentRule>
    </Execution>
  </TestSettings>
  <Times creation="2011-08-28T06:04:29.3499072-04:00" queuing="2011-08-28T06:04:33.0051163-04:00" start="2011-08-28T06:04:33.1671255-04:00" finish="2011-08-28T06:05:31.2224461-04:00" />
  <ResultSummary outcome="Error">
    <Counters total="3" executed="3" passed="2" error="0" failed="0" timeout="0" aborted="1" inconclusive="0" passedButRunAborted="0" notRunnable="0" notExecuted="0" disconnected="0" warning="0" completed="0" inProgress="0" pending="0" />
    <RunInfos>
      <RunInfo computerName="AMICHAI-PC" outcome="Error" timestamp="2011-08-28T06:05:31.2184459-04:00">
        <Text>Test host process exited unexpectedly.</Text>
      </RunInfo>
    </RunInfos>
  </ResultSummary>
  <TestDefinitions>
    <UnitTest name="AddListOfTokensTest" storage="c:\users\amichai\documents\visual studio 2010\projects\openpadproject\padtest\bin\debug\padtest.dll" id="30e39a90-f3be-1660-60eb-861b64e1492d">
      <Execution id="ba85cd0c-54f9-4f05-887d-877da6331fcd" />
      <TestMethod codeBase="C:/Users/Amichai/Documents/Visual Studio 2010/Projects/OpenPadProject/PadTest/bin/Debug/PadTest.DLL" adapterTypeName="Microsoft.VisualStudio.TestTools.TestTypes.Unit.UnitTestAdapter, Microsoft.VisualStudio.QualityTools.Tips.UnitTest.Adapter, Version=10.0.0.0, Culture=neutral, PublicKeyToken=b03f5f7f11d50a3a" className="PadTest.ParseTreeTest, PadTest, Version=1.0.0.0, Culture=neutral, PublicKeyToken=null" name="AddListOfTokensTest" />
    </UnitTest>
    <UnitTest name="ConvertToPostFixedTest" storage="c:\users\amichai\documents\visual studio 2010\projects\openpadproject\padtest\bin\debug\padtest.dll" id="393e2fa0-e364-4f5b-3807-c50f946dec14">
      <Execution id="9ddc069d-ad2b-4b85-87d4-f04e784f95a6" />
      <TestMethod codeBase="C:/Users/Amichai/Documents/Visual Studio 2010/Projects/OpenPadProject/PadTest/bin/Debug/PadTest.DLL" adapterTypeName="Microsoft.VisualStudio.TestTools.TestTypes.Unit.UnitTestAdapter, Microsoft.VisualStudio.QualityTools.Tips.UnitTest.Adapter, Version=10.0.0.0, Culture=neutral, PublicKeyToken=b03f5f7f11d50a3a" className="PadTest.ShuntingYardTest, PadTest, Version=1.0.0.0, Culture=neutral, PublicKeyToken=null" name="ConvertToPostFixedTest" />
    </UnitTest>
    <UnitTest name="ExpressionConstructorTest" storage="c:\users\amichai\documents\visual studio 2010\projects\openpadproject\padtest\bin\debug\padtest.dll" id="724b30c6-4d5d-08ba-f484-0761dfa59453">
      <Execution id="8f1d8d1c-346e-4318-a996-ccde290b087b" />
      <TestMethod codeBase="C:/Users/Amichai/Documents/Visual Studio 2010/Projects/OpenPadProject/PadTest/bin/Debug/PadTest.DLL" adapterTypeName="Microsoft.VisualStudio.TestTools.TestTypes.Unit.UnitTestAdapter, Microsoft.VisualStudio.QualityTools.Tips.UnitTest.Adapter, Version=10.0.0.0, Culture=neutral, PublicKeyToken=b03f5f7f11d50a3a" className="PadTest.ExpressionTest, PadTest, Version=1.0.0.0, Culture=neutral, PublicKeyToken=null" name="ExpressionConstructorTest" />
    </UnitTest>
  </TestDefinitions>
  <TestLists>
    <TestList name="Results Not in a List" id="8c84fa94-04c1-424b-9868-57a2d4851a1d" />
    <TestList name="All Loaded Results" id="19431567-8539-422a-85d7-44ee4e166bda" />
  </TestLists>
  <TestEntries>
    <TestEntry testId="724b30c6-4d5d-08ba-f484-0761dfa59453" executionId="8f1d8d1c-346e-4318-a996-ccde290b087b" testListId="8c84fa94-04c1-424b-9868-57a2d4851a1d" />
    <TestEntry testId="393e2fa0-e364-4f5b-3807-c50f946dec14" executionId="9ddc069d-ad2b-4b85-87d4-f04e784f95a6" testListId="8c84fa94-04c1-424b-9868-57a2d4851a1d" />
    <TestEntry testId="30e39a90-f3be-1660-60eb-861b64e1492d" executionId="ba85cd0c-54f9-4f05-887d-877da6331fcd" testListId="8c84fa94-04c1-424b-9868-57a2d4851a1d" />
  </TestEntries>
  <Results>
    <UnitTestResult executionId="8f1d8d1c-346e-4318-a996-ccde290b087b" testId="724b30c6-4d5d-08ba-f484-0761dfa59453" testName="ExpressionConstructorTest" computerName="AMICHAI-PC" duration="00:00:00.0803528" startTime="2011-08-28T06:04:33.3281347-04:00" endTime="2011-08-28T06:04:37.3783664-04:00" testType="13cdc9d9-ddb5-4fa4-a97d-d965ccfc6d4b" outcome="Passed" testListId="8c84fa94-04c1-424b-9868-57a2d4851a1d" relativeResultsDirectory="8f1d8d1c-346e-4318-a996-ccde290b087b">
    </UnitTestResult>
    <UnitTestResult executionId="9ddc069d-ad2b-4b85-87d4-f04e784f95a6" testId="393e2fa0-e364-4f5b-3807-c50f946dec14" testName="ConvertToPostFixedTest" computerName="AMICHAI-PC" duration="00:00:00.0027702" startTime="2011-08-28T06:04:37.4003677-04:00" endTime="2011-08-28T06:04:37.4203688-04:00" testType="13cdc9d9-ddb5-4fa4-a97d-d965ccfc6d4b" outcome="Passed" testListId="8c84fa94-04c1-424b-9868-57a2d4851a1d" relativeResultsDirectory="9ddc069d-ad2b-4b85-87d4-f04e784f95a6">
    </UnitTestResult>
    <UnitTestResult executionId="ba85cd0c-54f9-4f05-887d-877da6331fcd" testId="30e39a90-f3be-1660-60eb-861b64e1492d" testName="AddListOfTokensTest" computerName="AMICHAI-PC" duration="00:00:53.7780759" startTime="2011-08-28T06:04:37.4443702-04:00" endTime="2011-08-28T06:05:31.2224461-04:00" testType="13cdc9d9-ddb5-4fa4-a97d-d965ccfc6d4b" outcome="Aborted" testListId="8c84fa94-04c1-424b-9868-57a2d4851a1d" relativeResultsDirectory="ba85cd0c-54f9-4f05-887d-877da6331fcd">
    </UnitTestResult>
  </Results>
</TestRun>